TN:
SF:src/metrics/config_manager.rs
FN:16,omikuji::metrics::config_manager::is_metric_enabled
FN:9,omikuji::metrics::config_manager::init_metrics_config
FN:24,omikuji::metrics::config_manager::get_metrics_config
FN:19,omikuji::metrics::config_manager::is_metric_enabled::{closure#0}
FN:24,omikuji::metrics::config_manager::get_metrics_config
FN:9,omikuji::metrics::config_manager::init_metrics_config
FN:16,omikuji::metrics::config_manager::is_metric_enabled
FN:24,omikuji::metrics::config_manager::get_metrics_config
FN:9,omikuji::metrics::config_manager::init_metrics_config
FN:16,omikuji::metrics::config_manager::is_metric_enabled
FN:19,omikuji::metrics::config_manager::is_metric_enabled::{closure#0}
FN:16,omikuji::metrics::config_manager::is_metric_enabled
FN:19,omikuji::metrics::config_manager::is_metric_enabled::{closure#0}
FN:24,omikuji::metrics::config_manager::get_metrics_config
FN:19,omikuji::metrics::config_manager::is_metric_enabled::{closure#0}
FN:19,omikuji::metrics::config_manager::is_metric_enabled::{closure#0}
FN:16,omikuji::metrics::config_manager::is_metric_enabled
FN:24,omikuji::metrics::config_manager::get_metrics_config
FN:9,omikuji::metrics::config_manager::init_metrics_config
FN:9,omikuji::metrics::config_manager::init_metrics_config
FNDA:0,omikuji::metrics::config_manager::is_metric_enabled
FNDA:0,omikuji::metrics::config_manager::init_metrics_config
FNDA:0,omikuji::metrics::config_manager::get_metrics_config
FNDA:0,omikuji::metrics::config_manager::is_metric_enabled::{closure#0}
FNDA:0,omikuji::metrics::config_manager::get_metrics_config
FNDA:0,omikuji::metrics::config_manager::init_metrics_config
FNDA:1,omikuji::metrics::config_manager::is_metric_enabled
FNDA:0,omikuji::metrics::config_manager::get_metrics_config
FNDA:0,omikuji::metrics::config_manager::init_metrics_config
FNDA:1,omikuji::metrics::config_manager::is_metric_enabled
FNDA:0,omikuji::metrics::config_manager::is_metric_enabled::{closure#0}
FNDA:0,omikuji::metrics::config_manager::is_metric_enabled
FNDA:0,omikuji::metrics::config_manager::is_metric_enabled::{closure#0}
FNDA:0,omikuji::metrics::config_manager::get_metrics_config
FNDA:0,omikuji::metrics::config_manager::is_metric_enabled::{closure#0}
FNDA:0,omikuji::metrics::config_manager::is_metric_enabled::{closure#0}
FNDA:0,omikuji::metrics::config_manager::is_metric_enabled
FNDA:0,omikuji::metrics::config_manager::get_metrics_config
FNDA:0,omikuji::metrics::config_manager::init_metrics_config
FNDA:0,omikuji::metrics::config_manager::init_metrics_config
FNF:20
FNH:2
BRF:0
BRH:0
DA:9,0
DA:10,0
DA:11,0
DA:12,0
DA:13,0
DA:16,14
DA:17,14
DA:18,14
DA:19,14
DA:20,14
DA:21,14
DA:24,0
DA:25,0
DA:26,0
LF:14
LH:6
end_of_record
SF:src/contracts/flux_aggregator.rs
FN:254,<omikuji::contracts::flux_aggregator::FluxAggregatorContract<alloy_transport_http::Http<reqwest::async_impl::client::Client>, alloy_provider::fillers::FillProvider<alloy_provider::fillers::join_fill::JoinFill<alloy_provider::fillers::join_fill::JoinFill<alloy_provider::builder::Identity, alloy_provider::fillers::join_fill::JoinFill<alloy_provider::fillers::gas::GasFiller, alloy_provider::fillers::join_fill::JoinFill<alloy_provider::fillers::gas::BlobGasFiller, alloy_provider::fillers::join_fill::JoinFill<alloy_provider::fillers::nonce::NonceFiller, alloy_provider::fillers::chain_id::ChainIdFiller>>>>, alloy_provider::fillers::wallet::WalletFiller<alloy_network::ethereum::wallet::EthereumWallet>>, alloy_provider::provider::root::RootProvider<alloy_transport_http::Http<reqwest::async_impl::client::Client>>, alloy_transport_http::Http<reqwest::async_impl::client::Client>, alloy_network::ethereum::Ethereum>>>::submit_price_with_gas_estimation
FN:173,<omikuji::contracts::flux_aggregator::FluxAggregatorContract<_, _>>::latest_round::{closure#0}
FN:125,<omikuji::contracts::flux_aggregator::FluxAggregatorContract<alloy_transport_http::Http<reqwest::async_impl::client::Client>, alloy_provider::provider::root::RootProvider<alloy_transport_http::Http<reqwest::async_impl::client::Client>>>>::latest_timestamp_with_metrics::{closure#0}
FN:173,<omikuji::contracts::flux_aggregator::FluxAggregatorContract<alloy_transport_http::Http<reqwest::async_impl::client::Client>, alloy_provider::fillers::FillProvider<alloy_provider::fillers::join_fill::JoinFill<alloy_provider::fillers::join_fill::JoinFill<alloy_provider::builder::Identity, alloy_provider::fillers::join_fill::JoinFill<alloy_provider::fillers::gas::GasFiller, alloy_provider::fillers::join_fill::JoinFill<alloy_provider::fillers::gas::BlobGasFiller, alloy_provider::fillers::join_fill::JoinFill<alloy_provider::fillers::nonce::NonceFiller, alloy_provider::fillers::chain_id::ChainIdFiller>>>>, alloy_provider::fillers::wallet::WalletFiller<alloy_network::ethereum::wallet::EthereumWallet>>, alloy_provider::provider::root::RootProvider<alloy_transport_http::Http<reqwest::async_impl::client::Client>>, alloy_transport_http::Http<reqwest::async_impl::client::Client>, alloy_network::ethereum::Ethereum>>>::latest_round::{closure#0}
FN:116,<omikuji::contracts::flux_aggregator::FluxAggregatorContract<alloy_transport_http::Http<reqwest::async_impl::client::Client>, alloy_provider::provider::root::RootProvider<alloy_transport_http::Http<reqwest::async_impl::client::Client>>>>::latest_timestamp
FN:125,<omikuji::contracts::flux_aggregator::FluxAggregatorContract<_, _>>::latest_timestamp_with_metrics::{closure#0}
FN:173,<omikuji::contracts::flux_aggregator::FluxAggregatorContract<alloy_transport_http::Http<reqwest::async_impl::client::Client>, alloy_provider::provider::root::RootProvider<alloy_transport_http::Http<reqwest::async_impl::client::Client>>>>::latest_round
FN:185,<omikuji::contracts::flux_aggregator::FluxAggregatorContract<_, _>>::decimals::{closure#0}
FN:692,omikuji::contracts::flux_aggregator::tests::test_efficiency_calculation
FN:596,omikuji::contracts::flux_aggregator::tests::test_i256_edge_cases
FN:627,omikuji::contracts::flux_aggregator::tests::test_transaction_type_strings
FN:69,<omikuji::contracts::flux_aggregator::FluxAggregatorContract<alloy_transport_http::Http<reqwest::async_impl::client::Client>, alloy_provider::provider::root::RootProvider<alloy_transport_http::Http<reqwest::async_impl::client::Client>>>>::latest_answer_with_metrics::{closure#0}
FN:125,<omikuji::contracts::flux_aggregator::FluxAggregatorContract<alloy_transport_http::Http<reqwest::async_impl::client::Client>, alloy_provider::provider::root::RootProvider<alloy_transport_http::Http<reqwest::async_impl::client::Client>>>>::latest_timestamp_with_metrics::{closure#0}
FN:185,<omikuji::contracts::flux_aggregator::FluxAggregatorContract<_, _>>::decimals
FN:222,<omikuji::contracts::flux_aggregator::FluxAggregatorContract<_, _>>::description::{closure#0}
FN:65,<omikuji::contracts::flux_aggregator::FluxAggregatorContract<alloy_transport_http::Http<reqwest::async_impl::client::Client>, alloy_provider::provider::root::RootProvider<alloy_transport_http::Http<reqwest::async_impl::client::Client>>>>::latest_answer_with_metrics
FN:499,<omikuji::contracts::flux_aggregator::FluxAggregatorContract<alloy_transport_http::Http<reqwest::async_impl::client::Client>, alloy_provider::fillers::FillProvider<alloy_provider::fillers::join_fill::JoinFill<alloy_provider::fillers::join_fill::JoinFill<alloy_provider::builder::Identity, alloy_provider::fillers::join_fill::JoinFill<alloy_provider::fillers::gas::GasFiller, alloy_provider::fillers::join_fill::JoinFill<alloy_provider::fillers::gas::BlobGasFiller, alloy_provider::fillers::join_fill::JoinFill<alloy_provider::fillers::nonce::NonceFiller, alloy_provider::fillers::chain_id::ChainIdFiller>>>>, alloy_provider::fillers::wallet::WalletFiller<alloy_network::ethereum::wallet::EthereumWallet>>, alloy_provider::provider::root::RootProvider<alloy_transport_http::Http<reqwest::async_impl::client::Client>>, alloy_transport_http::Http<reqwest::async_impl::client::Client>, alloy_network::ethereum::Ethereum>>>::log_transaction
FN:197,<omikuji::contracts::flux_aggregator::FluxAggregatorContract<alloy_transport_http::Http<reqwest::async_impl::client::Client>, alloy_provider::provider::root::RootProvider<alloy_transport_http::Http<reqwest::async_impl::client::Client>>>>::min_submission_value
FN:209,<omikuji::contracts::flux_aggregator::FluxAggregatorContract<_, _>>::max_submission_value::{closure#0}
FN:197,<omikuji::contracts::flux_aggregator::FluxAggregatorContract<_, _>>::min_submission_value::{closure#0}
FN:239,<omikuji::contracts::flux_aggregator::FluxAggregatorContract<_, _>>::oracle_round_state::{closure#0}
FN:235,<omikuji::contracts::flux_aggregator::FluxAggregatorContract<_, _>>::oracle_round_state
FN:185,<omikuji::contracts::flux_aggregator::FluxAggregatorContract<_, _>>::decimals::{closure#0}
FN:65,<omikuji::contracts::flux_aggregator::FluxAggregatorContract<_, _>>::latest_answer_with_metrics
FN:51,<omikuji::contracts::flux_aggregator::FluxAggregatorContract<alloy_transport_http::Http<reqwest::async_impl::client::Client>, alloy_provider::fillers::FillProvider<alloy_provider::fillers::join_fill::JoinFill<alloy_provider::fillers::join_fill::JoinFill<alloy_provider::builder::Identity, alloy_provider::fillers::join_fill::JoinFill<alloy_provider::fillers::gas::GasFiller, alloy_provider::fillers::join_fill::JoinFill<alloy_provider::fillers::gas::BlobGasFiller, alloy_provider::fillers::join_fill::JoinFill<alloy_provider::fillers::nonce::NonceFiller, alloy_provider::fillers::chain_id::ChainIdFiller>>>>, alloy_provider::fillers::wallet::WalletFiller<alloy_network::ethereum::wallet::EthereumWallet>>, alloy_provider::provider::root::RootProvider<alloy_transport_http::Http<reqwest::async_impl::client::Client>>, alloy_transport_http::Http<reqwest::async_impl::client::Client>, alloy_network::ethereum::Ethereum>>>::new
FN:116,<omikuji::contracts::flux_aggregator::FluxAggregatorContract<_, _>>::latest_timestamp::{closure#0}
FN:235,<omikuji::contracts::flux_aggregator::FluxAggregatorContract<_, _>>::oracle_round_state
FN:185,<omikuji::contracts::flux_aggregator::FluxAggregatorContract<_, _>>::decimals::{closure#0}
FN:222,<omikuji::contracts::flux_aggregator::FluxAggregatorContract<_, _>>::description
FN:51,<omikuji::contracts::flux_aggregator::FluxAggregatorContract<alloy_transport_http::Http<reqwest::async_impl::client::Client>, alloy_provider::provider::root::RootProvider<alloy_transport_http::Http<reqwest::async_impl::client::Client>>>>::new
FN:60,<omikuji::contracts::flux_aggregator::FluxAggregatorContract<alloy_transport_http::Http<reqwest::async_impl::client::Client>, alloy_provider::provider::root::RootProvider<alloy_transport_http::Http<reqwest::async_impl::client::Client>>>>::latest_answer::{closure#0}
FN:197,<omikuji::contracts::flux_aggregator::FluxAggregatorContract<_, _>>::min_submission_value
FN:116,<omikuji::contracts::flux_aggregator::FluxAggregatorContract<alloy_transport_http::Http<reqwest::async_impl::client::Client>, alloy_provider::provider::root::RootProvider<alloy_transport_http::Http<reqwest::async_impl::client::Client>>>>::latest_timestamp::{closure#0}
FN:574,omikuji::contracts::flux_aggregator::tests::test_gas_estimate_conversion
FN:116,<omikuji::contracts::flux_aggregator::FluxAggregatorContract<alloy_transport_http::Http<reqwest::async_impl::client::Client>, alloy_provider::provider::root::RootProvider<alloy_transport_http::Http<reqwest::async_impl::client::Client>>>>::latest_timestamp
FN:638,omikuji::contracts::flux_aggregator::tests::test_error_message_parsing
FN:209,<omikuji::contracts::flux_aggregator::FluxAggregatorContract<_, _>>::max_submission_value
FN:69,<omikuji::contracts::flux_aggregator::FluxAggregatorContract<alloy_transport_http::Http<reqwest::async_impl::client::Client>, alloy_provider::provider::root::RootProvider<alloy_transport_http::Http<reqwest::async_impl::client::Client>>>>::latest_answer_with_metrics::{closure#0}
FN:51,<omikuji::contracts::flux_aggregator::FluxAggregatorContract<alloy_transport_http::Http<reqwest::async_impl::client::Client>, alloy_provider::fillers::FillProvider<alloy_provider::fillers::join_fill::JoinFill<alloy_provider::fillers::join_fill::JoinFill<alloy_provider::builder::Identity, alloy_provider::fillers::join_fill::JoinFill<alloy_provider::fillers::gas::GasFiller, alloy_provider::fillers::join_fill::JoinFill<alloy_provider::fillers::gas::BlobGasFiller, alloy_provider::fillers::join_fill::JoinFill<alloy_provider::fillers::nonce::NonceFiller, alloy_provider::fillers::chain_id::ChainIdFiller>>>>, alloy_provider::fillers::wallet::WalletFiller<alloy_network::ethereum::wallet::EthereumWallet>>, alloy_provider::provider::root::RootProvider<alloy_transport_http::Http<reqwest::async_impl::client::Client>>, alloy_transport_http::Http<reqwest::async_impl::client::Client>, alloy_network::ethereum::Ethereum>>>::new
FN:197,<omikuji::contracts::flux_aggregator::FluxAggregatorContract<alloy_transport_http::Http<reqwest::async_impl::client::Client>, alloy_provider::provider::root::RootProvider<alloy_transport_http::Http<reqwest::async_impl::client::Client>>>>::min_submission_value
FN:60,<omikuji::contracts::flux_aggregator::FluxAggregatorContract<alloy_transport_http::Http<reqwest::async_impl::client::Client>, alloy_provider::provider::root::RootProvider<alloy_transport_http::Http<reqwest::async_impl::client::Client>>>>::latest_answer::{closure#0}
FN:116,<omikuji::contracts::flux_aggregator::FluxAggregatorContract<alloy_transport_http::Http<reqwest::async_impl::client::Client>, alloy_provider::provider::root::RootProvider<alloy_transport_http::Http<reqwest::async_impl::client::Client>>>>::latest_timestamp
FN:51,<omikuji::contracts::flux_aggregator::FluxAggregatorContract<alloy_transport_http::Http<reqwest::async_impl::client::Client>, alloy_provider::provider::root::RootProvider<alloy_transport_http::Http<reqwest::async_impl::client::Client>>>>::new
FN:692,omikuji::contracts::flux_aggregator::tests::test_efficiency_calculation
FN:121,<omikuji::contracts::flux_aggregator::FluxAggregatorContract<_, _>>::latest_timestamp_with_metrics
FN:173,<omikuji::contracts::flux_aggregator::FluxAggregatorContract<alloy_transport_http::Http<reqwest::async_impl::client::Client>, alloy_provider::provider::root::RootProvider<alloy_transport_http::Http<reqwest::async_impl::client::Client>>>>::latest_round::{closure#0}
FN:676,omikuji::contracts::flux_aggregator::tests::test_retry_logic_values
FN:676,omikuji::contracts::flux_aggregator::tests::test_retry_logic_values
FN:197,<omikuji::contracts::flux_aggregator::FluxAggregatorContract<_, _>>::min_submission_value::{closure#0}
FN:185,<omikuji::contracts::flux_aggregator::FluxAggregatorContract<alloy_transport_http::Http<reqwest::async_impl::client::Client>, alloy_provider::provider::root::RootProvider<alloy_transport_http::Http<reqwest::async_impl::client::Client>>>>::decimals
FN:650,omikuji::contracts::flux_aggregator::tests::test_submission_timestamp
FN:197,<omikuji::contracts::flux_aggregator::FluxAggregatorContract<alloy_transport_http::Http<reqwest::async_impl::client::Client>, alloy_provider::provider::root::RootProvider<alloy_transport_http::Http<reqwest::async_impl::client::Client>>>>::min_submission_value::{closure#0}
FN:222,<omikuji::contracts::flux_aggregator::FluxAggregatorContract<_, _>>::description
FN:499,<omikuji::contracts::flux_aggregator::FluxAggregatorContract<_, _>>::log_transaction
FN:262,<omikuji::contracts::flux_aggregator::FluxAggregatorContract<_, _>>::submit_price_with_gas_estimation::{closure#0}
FN:60,<omikuji::contracts::flux_aggregator::FluxAggregatorContract<alloy_transport_http::Http<reqwest::async_impl::client::Client>, alloy_provider::provider::root::RootProvider<alloy_transport_http::Http<reqwest::async_impl::client::Client>>>>::latest_answer
FN:611,omikuji::contracts::flux_aggregator::tests::test_contract_call_encoding
FN:197,<omikuji::contracts::flux_aggregator::FluxAggregatorContract<_, _>>::min_submission_value
FN:661,omikuji::contracts::flux_aggregator::tests::test_gas_calculations
FN:173,<omikuji::contracts::flux_aggregator::FluxAggregatorContract<_, _>>::latest_round::{closure#0}
FN:638,omikuji::contracts::flux_aggregator::tests::test_error_message_parsing
FN:499,<omikuji::contracts::flux_aggregator::FluxAggregatorContract<alloy_transport_http::Http<reqwest::async_impl::client::Client>, alloy_provider::fillers::FillProvider<alloy_provider::fillers::join_fill::JoinFill<alloy_provider::fillers::join_fill::JoinFill<alloy_provider::builder::Identity, alloy_provider::fillers::join_fill::JoinFill<alloy_provider::fillers::gas::GasFiller, alloy_provider::fillers::join_fill::JoinFill<alloy_provider::fillers::gas::BlobGasFiller, alloy_provider::fillers::join_fill::JoinFill<alloy_provider::fillers::nonce::NonceFiller, alloy_provider::fillers::chain_id::ChainIdFiller>>>>, alloy_provider::fillers::wallet::WalletFiller<alloy_network::ethereum::wallet::EthereumWallet>>, alloy_provider::provider::root::RootProvider<alloy_transport_http::Http<reqwest::async_impl::client::Client>>, alloy_transport_http::Http<reqwest::async_impl::client::Client>, alloy_network::ethereum::Ethereum>>>::log_transaction
FN:507,<omikuji::contracts::flux_aggregator::FluxAggregatorContract<_, _>>::log_transaction::{closure#0}
FN:499,<omikuji::contracts::flux_aggregator::FluxAggregatorContract<alloy_transport_http::Http<reqwest::async_impl::client::Client>, alloy_provider::fillers::FillProvider<alloy_provider::fillers::join_fill::JoinFill<alloy_provider::fillers::join_fill::JoinFill<alloy_provider::builder::Identity, alloy_provider::fillers::join_fill::JoinFill<alloy_provider::fillers::gas::GasFiller, alloy_provider::fillers::join_fill::JoinFill<alloy_provider::fillers::gas::BlobGasFiller, alloy_provider::fillers::join_fill::JoinFill<alloy_provider::fillers::nonce::NonceFiller, alloy_provider::fillers::chain_id::ChainIdFiller>>>>, alloy_provider::fillers::wallet::WalletFiller<alloy_network::ethereum::wallet::EthereumWallet>>, alloy_provider::provider::root::RootProvider<alloy_transport_http::Http<reqwest::async_impl::client::Client>>, alloy_transport_http::Http<reqwest::async_impl::client::Client>, alloy_network::ethereum::Ethereum>>>::log_transaction
FN:121,<omikuji::contracts::flux_aggregator::FluxAggregatorContract<alloy_transport_http::Http<reqwest::async_impl::client::Client>, alloy_provider::provider::root::RootProvider<alloy_transport_http::Http<reqwest::async_impl::client::Client>>>>::latest_timestamp_with_metrics
FN:185,<omikuji::contracts::flux_aggregator::FluxAggregatorContract<_, _>>::decimals
FN:239,<omikuji::contracts::flux_aggregator::FluxAggregatorContract<_, _>>::oracle_round_state::{closure#0}
FN:173,<omikuji::contracts::flux_aggregator::FluxAggregatorContract<alloy_transport_http::Http<reqwest::async_impl::client::Client>, alloy_provider::fillers::FillProvider<alloy_provider::fillers::join_fill::JoinFill<alloy_provider::fillers::join_fill::JoinFill<alloy_provider::builder::Identity, alloy_provider::fillers::join_fill::JoinFill<alloy_provider::fillers::gas::GasFiller, alloy_provider::fillers::join_fill::JoinFill<alloy_provider::fillers::gas::BlobGasFiller, alloy_provider::fillers::join_fill::JoinFill<alloy_provider::fillers::nonce::NonceFiller, alloy_provider::fillers::chain_id::ChainIdFiller>>>>, alloy_provider::fillers::wallet::WalletFiller<alloy_network::ethereum::wallet::EthereumWallet>>, alloy_provider::provider::root::RootProvider<alloy_transport_http::Http<reqwest::async_impl::client::Client>>, alloy_transport_http::Http<reqwest::async_impl::client::Client>, alloy_network::ethereum::Ethereum>>>::latest_round::{closure#0}
FN:222,<omikuji::contracts::flux_aggregator::FluxAggregatorContract<_, _>>::description
FN:121,<omikuji::contracts::flux_aggregator::FluxAggregatorContract<alloy_transport_http::Http<reqwest::async_impl::client::Client>, alloy_provider::provider::root::RootProvider<alloy_transport_http::Http<reqwest::async_impl::client::Client>>>>::latest_timestamp_with_metrics
FN:60,<omikuji::contracts::flux_aggregator::FluxAggregatorContract<alloy_transport_http::Http<reqwest::async_impl::client::Client>, alloy_provider::provider::root::RootProvider<alloy_transport_http::Http<reqwest::async_impl::client::Client>>>>::latest_answer
FN:209,<omikuji::contracts::flux_aggregator::FluxAggregatorContract<alloy_transport_http::Http<reqwest::async_impl::client::Client>, alloy_provider::provider::root::RootProvider<alloy_transport_http::Http<reqwest::async_impl::client::Client>>>>::max_submission_value::{closure#0}
FN:60,<omikuji::contracts::flux_aggregator::FluxAggregatorContract<alloy_transport_http::Http<reqwest::async_impl::client::Client>, alloy_provider::provider::root::RootProvider<alloy_transport_http::Http<reqwest::async_impl::client::Client>>>>::latest_answer
FN:209,<omikuji::contracts::flux_aggregator::FluxAggregatorContract<_, _>>::max_submission_value::{closure#0}
FN:121,<omikuji::contracts::flux_aggregator::FluxAggregatorContract<_, _>>::latest_timestamp_with_metrics
FN:173,<omikuji::contracts::flux_aggregator::FluxAggregatorContract<_, _>>::latest_round
FN:51,<omikuji::contracts::flux_aggregator::FluxAggregatorContract<alloy_transport_http::Http<reqwest::async_impl::client::Client>, alloy_provider::provider::root::RootProvider<alloy_transport_http::Http<reqwest::async_impl::client::Client>>>>::new
FN:69,<omikuji::contracts::flux_aggregator::FluxAggregatorContract<alloy_transport_http::Http<reqwest::async_impl::client::Client>, alloy_provider::provider::root::RootProvider<alloy_transport_http::Http<reqwest::async_impl::client::Client>>>>::latest_answer_with_metrics::{closure#0}
FN:627,omikuji::contracts::flux_aggregator::tests::test_transaction_type_strings
FN:125,<omikuji::contracts::flux_aggregator::FluxAggregatorContract<_, _>>::latest_timestamp_with_metrics::{closure#0}
FN:173,<omikuji::contracts::flux_aggregator::FluxAggregatorContract<alloy_transport_http::Http<reqwest::async_impl::client::Client>, alloy_provider::fillers::FillProvider<alloy_provider::fillers::join_fill::JoinFill<alloy_provider::fillers::join_fill::JoinFill<alloy_provider::builder::Identity, alloy_provider::fillers::join_fill::JoinFill<alloy_provider::fillers::gas::GasFiller, alloy_provider::fillers::join_fill::JoinFill<alloy_provider::fillers::gas::BlobGasFiller, alloy_provider::fillers::join_fill::JoinFill<alloy_provider::fillers::nonce::NonceFiller, alloy_provider::fillers::chain_id::ChainIdFiller>>>>, alloy_provider::fillers::wallet::WalletFiller<alloy_network::ethereum::wallet::EthereumWallet>>, alloy_provider::provider::root::RootProvider<alloy_transport_http::Http<reqwest::async_impl::client::Client>>, alloy_transport_http::Http<reqwest::async_impl::client::Client>, alloy_network::ethereum::Ethereum>>>::latest_round::{closure#0}
FN:222,<omikuji::contracts::flux_aggregator::FluxAggregatorContract<_, _>>::description
FN:51,<omikuji::contracts::flux_aggregator::FluxAggregatorContract<alloy_transport_http::Http<reqwest::async_impl::client::Client>, alloy_provider::fillers::FillProvider<alloy_provider::fillers::join_fill::JoinFill<alloy_provider::fillers::join_fill::JoinFill<alloy_provider::builder::Identity, alloy_provider::fillers::join_fill::JoinFill<alloy_provider::fillers::gas::GasFiller, alloy_provider::fillers::join_fill::JoinFill<alloy_provider::fillers::gas::BlobGasFiller, alloy_provider::fillers::join_fill::JoinFill<alloy_provider::fillers::nonce::NonceFiller, alloy_provider::fillers::chain_id::ChainIdFiller>>>>, alloy_provider::fillers::wallet::WalletFiller<alloy_network::ethereum::wallet::EthereumWallet>>, alloy_provider::provider::root::RootProvider<alloy_transport_http::Http<reqwest::async_impl::client::Client>>, alloy_transport_http::Http<reqwest::async_impl::client::Client>, alloy_network::ethereum::Ethereum>>>::new
FN:254,<omikuji::contracts::flux_aggregator::FluxAggregatorContract<alloy_transport_http::Http<reqwest::async_impl::client::Client>, alloy_provider::fillers::FillProvider<alloy_provider::fillers::join_fill::JoinFill<alloy_provider::fillers::join_fill::JoinFill<alloy_provider::builder::Identity, alloy_provider::fillers::join_fill::JoinFill<alloy_provider::fillers::gas::GasFiller, alloy_provider::fillers::join_fill::JoinFill<alloy_provider::fillers::gas::BlobGasFiller, alloy_provider::fillers::join_fill::JoinFill<alloy_provider::fillers::nonce::NonceFiller, alloy_provider::fillers::chain_id::ChainIdFiller>>>>, alloy_provider::fillers::wallet::WalletFiller<alloy_network::ethereum::wallet::EthereumWallet>>, alloy_provider::provider::root::RootProvider<alloy_transport_http::Http<reqwest::async_impl::client::Client>>, alloy_transport_http::Http<reqwest::async_impl::client::Client>, alloy_network::ethereum::Ethereum>>>::submit_price_with_gas_estimation
FN:235,<omikuji::contracts::flux_aggregator::FluxAggregatorContract<_, _>>::oracle_round_state
FN:60,<omikuji::contracts::flux_aggregator::FluxAggregatorContract<_, _>>::latest_answer
FN:262,<omikuji::contracts::flux_aggregator::FluxAggregatorContract<_, _>>::submit_price_with_gas_estimation::{closure#0}
FN:254,<omikuji::contracts::flux_aggregator::FluxAggregatorContract<alloy_transport_http::Http<reqwest::async_impl::client::Client>, alloy_provider::fillers::FillProvider<alloy_provider::fillers::join_fill::JoinFill<alloy_provider::fillers::join_fill::JoinFill<alloy_provider::builder::Identity, alloy_provider::fillers::join_fill::JoinFill<alloy_provider::fillers::gas::GasFiller, alloy_provider::fillers::join_fill::JoinFill<alloy_provider::fillers::gas::BlobGasFiller, alloy_provider::fillers::join_fill::JoinFill<alloy_provider::fillers::nonce::NonceFiller, alloy_provider::fillers::chain_id::ChainIdFiller>>>>, alloy_provider::fillers::wallet::WalletFiller<alloy_network::ethereum::wallet::EthereumWallet>>, alloy_provider::provider::root::RootProvider<alloy_transport_http::Http<reqwest::async_impl::client::Client>>, alloy_transport_http::Http<reqwest::async_impl::client::Client>, alloy_network::ethereum::Ethereum>>>::submit_price_with_gas_estimation
FN:65,<omikuji::contracts::flux_aggregator::FluxAggregatorContract<_, _>>::latest_answer_with_metrics
FN:507,<omikuji::contracts::flux_aggregator::FluxAggregatorContract<alloy_transport_http::Http<reqwest::async_impl::client::Client>, alloy_provider::fillers::FillProvider<alloy_provider::fillers::join_fill::JoinFill<alloy_provider::fillers::join_fill::JoinFill<alloy_provider::builder::Identity, alloy_provider::fillers::join_fill::JoinFill<alloy_provider::fillers::gas::GasFiller, alloy_provider::fillers::join_fill::JoinFill<alloy_provider::fillers::gas::BlobGasFiller, alloy_provider::fillers::join_fill::JoinFill<alloy_provider::fillers::nonce::NonceFiller, alloy_provider::fillers::chain_id::ChainIdFiller>>>>, alloy_provider::fillers::wallet::WalletFiller<alloy_network::ethereum::wallet::EthereumWallet>>, alloy_provider::provider::root::RootProvider<alloy_transport_http::Http<reqwest::async_impl::client::Client>>, alloy_transport_http::Http<reqwest::async_impl::client::Client>, alloy_network::ethereum::Ethereum>>>::log_transaction::{closure#0}
FN:574,omikuji::contracts::flux_aggregator::tests::test_gas_estimate_conversion
FN:611,omikuji::contracts::flux_aggregator::tests::test_contract_call_encoding
FN:65,<omikuji::contracts::flux_aggregator::FluxAggregatorContract<alloy_transport_http::Http<reqwest::async_impl::client::Client>, alloy_provider::provider::root::RootProvider<alloy_transport_http::Http<reqwest::async_impl::client::Client>>>>::latest_answer_with_metrics
FN:173,<omikuji::contracts::flux_aggregator::FluxAggregatorContract<alloy_transport_http::Http<reqwest::async_impl::client::Client>, alloy_provider::provider::root::RootProvider<alloy_transport_http::Http<reqwest::async_impl::client::Client>>>>::latest_round
FN:222,<omikuji::contracts::flux_aggregator::FluxAggregatorContract<_, _>>::description::{closure#0}
FN:209,<omikuji::contracts::flux_aggregator::FluxAggregatorContract<_, _>>::max_submission_value
FN:262,<omikuji::contracts::flux_aggregator::FluxAggregatorContract<alloy_transport_http::Http<reqwest::async_impl::client::Client>, alloy_provider::fillers::FillProvider<alloy_provider::fillers::join_fill::JoinFill<alloy_provider::fillers::join_fill::JoinFill<alloy_provider::builder::Identity, alloy_provider::fillers::join_fill::JoinFill<alloy_provider::fillers::gas::GasFiller, alloy_provider::fillers::join_fill::JoinFill<alloy_provider::fillers::gas::BlobGasFiller, alloy_provider::fillers::join_fill::JoinFill<alloy_provider::fillers::nonce::NonceFiller, alloy_provider::fillers::chain_id::ChainIdFiller>>>>, alloy_provider::fillers::wallet::WalletFiller<alloy_network::ethereum::wallet::EthereumWallet>>, alloy_provider::provider::root::RootProvider<alloy_transport_http::Http<reqwest::async_impl::client::Client>>, alloy_transport_http::Http<reqwest::async_impl::client::Client>, alloy_network::ethereum::Ethereum>>>::submit_price_with_gas_estimation::{closure#0}
FN:197,<omikuji::contracts::flux_aggregator::FluxAggregatorContract<_, _>>::min_submission_value::{closure#0}
FN:209,<omikuji::contracts::flux_aggregator::FluxAggregatorContract<alloy_transport_http::Http<reqwest::async_impl::client::Client>, alloy_provider::provider::root::RootProvider<alloy_transport_http::Http<reqwest::async_impl::client::Client>>>>::max_submission_value
FN:173,<omikuji::contracts::flux_aggregator::FluxAggregatorContract<alloy_transport_http::Http<reqwest::async_impl::client::Client>, alloy_provider::fillers::FillProvider<alloy_provider::fillers::join_fill::JoinFill<alloy_provider::fillers::join_fill::JoinFill<alloy_provider::builder::Identity, alloy_provider::fillers::join_fill::JoinFill<alloy_provider::fillers::gas::GasFiller, alloy_provider::fillers::join_fill::JoinFill<alloy_provider::fillers::gas::BlobGasFiller, alloy_provider::fillers::join_fill::JoinFill<alloy_provider::fillers::nonce::NonceFiller, alloy_provider::fillers::chain_id::ChainIdFiller>>>>, alloy_provider::fillers::wallet::WalletFiller<alloy_network::ethereum::wallet::EthereumWallet>>, alloy_provider::provider::root::RootProvider<alloy_transport_http::Http<reqwest::async_impl::client::Client>>, alloy_transport_http::Http<reqwest::async_impl::client::Client>, alloy_network::ethereum::Ethereum>>>::latest_round
FN:507,<omikuji::contracts::flux_aggregator::FluxAggregatorContract<_, _>>::log_transaction::{closure#0}
FN:116,<omikuji::contracts::flux_aggregator::FluxAggregatorContract<_, _>>::latest_timestamp
FN:239,<omikuji::contracts::flux_aggregator::FluxAggregatorContract<_, _>>::oracle_round_state::{closure#0}
FN:507,<omikuji::contracts::flux_aggregator::FluxAggregatorContract<alloy_transport_http::Http<reqwest::async_impl::client::Client>, alloy_provider::fillers::FillProvider<alloy_provider::fillers::join_fill::JoinFill<alloy_provider::fillers::join_fill::JoinFill<alloy_provider::builder::Identity, alloy_provider::fillers::join_fill::JoinFill<alloy_provider::fillers::gas::GasFiller, alloy_provider::fillers::join_fill::JoinFill<alloy_provider::fillers::gas::BlobGasFiller, alloy_provider::fillers::join_fill::JoinFill<alloy_provider::fillers::nonce::NonceFiller, alloy_provider::fillers::chain_id::ChainIdFiller>>>>, alloy_provider::fillers::wallet::WalletFiller<alloy_network::ethereum::wallet::EthereumWallet>>, alloy_provider::provider::root::RootProvider<alloy_transport_http::Http<reqwest::async_impl::client::Client>>, alloy_transport_http::Http<reqwest::async_impl::client::Client>, alloy_network::ethereum::Ethereum>>>::log_transaction::{closure#0}
FN:185,<omikuji::contracts::flux_aggregator::FluxAggregatorContract<alloy_transport_http::Http<reqwest::async_impl::client::Client>, alloy_provider::provider::root::RootProvider<alloy_transport_http::Http<reqwest::async_impl::client::Client>>>>::decimals::{closure#0}
FN:222,<omikuji::contracts::flux_aggregator::FluxAggregatorContract<_, _>>::description::{closure#0}
FN:51,<omikuji::contracts::flux_aggregator::FluxAggregatorContract<alloy_transport_http::Http<reqwest::async_impl::client::Client>, alloy_provider::provider::root::RootProvider<alloy_transport_http::Http<reqwest::async_impl::client::Client>>>>::new
FN:60,<omikuji::contracts::flux_aggregator::FluxAggregatorContract<_, _>>::latest_answer
FN:222,<omikuji::contracts::flux_aggregator::FluxAggregatorContract<_, _>>::description::{closure#0}
FN:254,<omikuji::contracts::flux_aggregator::FluxAggregatorContract<_, _>>::submit_price_with_gas_estimation
FN:589,omikuji::contracts::flux_aggregator::tests::test_address_creation
FN:60,<omikuji::contracts::flux_aggregator::FluxAggregatorContract<alloy_transport_http::Http<reqwest::async_impl::client::Client>, alloy_provider::provider::root::RootProvider<alloy_transport_http::Http<reqwest::async_impl::client::Client>>>>::latest_answer::{closure#0}
FN:185,<omikuji::contracts::flux_aggregator::FluxAggregatorContract<alloy_transport_http::Http<reqwest::async_impl::client::Client>, alloy_provider::provider::root::RootProvider<alloy_transport_http::Http<reqwest::async_impl::client::Client>>>>::decimals::{closure#0}
FN:596,omikuji::contracts::flux_aggregator::tests::test_i256_edge_cases
FN:507,<omikuji::contracts::flux_aggregator::FluxAggregatorContract<alloy_transport_http::Http<reqwest::async_impl::client::Client>, alloy_provider::fillers::FillProvider<alloy_provider::fillers::join_fill::JoinFill<alloy_provider::fillers::join_fill::JoinFill<alloy_provider::builder::Identity, alloy_provider::fillers::join_fill::JoinFill<alloy_provider::fillers::gas::GasFiller, alloy_provider::fillers::join_fill::JoinFill<alloy_provider::fillers::gas::BlobGasFiller, alloy_provider::fillers::join_fill::JoinFill<alloy_provider::fillers::nonce::NonceFiller, alloy_provider::fillers::chain_id::ChainIdFiller>>>>, alloy_provider::fillers::wallet::WalletFiller<alloy_network::ethereum::wallet::EthereumWallet>>, alloy_provider::provider::root::RootProvider<alloy_transport_http::Http<reqwest::async_impl::client::Client>>, alloy_transport_http::Http<reqwest::async_impl::client::Client>, alloy_network::ethereum::Ethereum>>>::log_transaction::{closure#0}
FN:197,<omikuji::contracts::flux_aggregator::FluxAggregatorContract<alloy_transport_http::Http<reqwest::async_impl::client::Client>, alloy_provider::provider::root::RootProvider<alloy_transport_http::Http<reqwest::async_impl::client::Client>>>>::min_submission_value::{closure#0}
FN:222,<omikuji::contracts::flux_aggregator::FluxAggregatorContract<_, _>>::description
FN:173,<omikuji::contracts::flux_aggregator::FluxAggregatorContract<_, _>>::latest_round
FN:499,<omikuji::contracts::flux_aggregator::FluxAggregatorContract<_, _>>::log_transaction
FN:185,<omikuji::contracts::flux_aggregator::FluxAggregatorContract<alloy_transport_http::Http<reqwest::async_impl::client::Client>, alloy_provider::provider::root::RootProvider<alloy_transport_http::Http<reqwest::async_impl::client::Client>>>>::decimals
FN:235,<omikuji::contracts::flux_aggregator::FluxAggregatorContract<_, _>>::oracle_round_state
FN:262,<omikuji::contracts::flux_aggregator::FluxAggregatorContract<alloy_transport_http::Http<reqwest::async_impl::client::Client>, alloy_provider::fillers::FillProvider<alloy_provider::fillers::join_fill::JoinFill<alloy_provider::fillers::join_fill::JoinFill<alloy_provider::builder::Identity, alloy_provider::fillers::join_fill::JoinFill<alloy_provider::fillers::gas::GasFiller, alloy_provider::fillers::join_fill::JoinFill<alloy_provider::fillers::gas::BlobGasFiller, alloy_provider::fillers::join_fill::JoinFill<alloy_provider::fillers::nonce::NonceFiller, alloy_provider::fillers::chain_id::ChainIdFiller>>>>, alloy_provider::fillers::wallet::WalletFiller<alloy_network::ethereum::wallet::EthereumWallet>>, alloy_provider::provider::root::RootProvider<alloy_transport_http::Http<reqwest::async_impl::client::Client>>, alloy_transport_http::Http<reqwest::async_impl::client::Client>, alloy_network::ethereum::Ethereum>>>::submit_price_with_gas_estimation::{closure#0}
FN:173,<omikuji::contracts::flux_aggregator::FluxAggregatorContract<alloy_transport_http::Http<reqwest::async_impl::client::Client>, alloy_provider::provider::root::RootProvider<alloy_transport_http::Http<reqwest::async_impl::client::Client>>>>::latest_round::{closure#0}
FN:125,<omikuji::contracts::flux_aggregator::FluxAggregatorContract<alloy_transport_http::Http<reqwest::async_impl::client::Client>, alloy_provider::provider::root::RootProvider<alloy_transport_http::Http<reqwest::async_impl::client::Client>>>>::latest_timestamp_with_metrics::{closure#0}
FN:116,<omikuji::contracts::flux_aggregator::FluxAggregatorContract<_, _>>::latest_timestamp::{closure#0}
FN:209,<omikuji::contracts::flux_aggregator::FluxAggregatorContract<_, _>>::max_submission_value
FN:552,omikuji::contracts::flux_aggregator::tests::test_transaction_details_creation
FN:254,<omikuji::contracts::flux_aggregator::FluxAggregatorContract<_, _>>::submit_price_with_gas_estimation
FN:116,<omikuji::contracts::flux_aggregator::FluxAggregatorContract<_, _>>::latest_timestamp
FN:650,omikuji::contracts::flux_aggregator::tests::test_submission_timestamp
FN:173,<omikuji::contracts::flux_aggregator::FluxAggregatorContract<alloy_transport_http::Http<reqwest::async_impl::client::Client>, alloy_provider::fillers::FillProvider<alloy_provider::fillers::join_fill::JoinFill<alloy_provider::fillers::join_fill::JoinFill<alloy_provider::builder::Identity, alloy_provider::fillers::join_fill::JoinFill<alloy_provider::fillers::gas::GasFiller, alloy_provider::fillers::join_fill::JoinFill<alloy_provider::fillers::gas::BlobGasFiller, alloy_provider::fillers::join_fill::JoinFill<alloy_provider::fillers::nonce::NonceFiller, alloy_provider::fillers::chain_id::ChainIdFiller>>>>, alloy_provider::fillers::wallet::WalletFiller<alloy_network::ethereum::wallet::EthereumWallet>>, alloy_provider::provider::root::RootProvider<alloy_transport_http::Http<reqwest::async_impl::client::Client>>, alloy_transport_http::Http<reqwest::async_impl::client::Client>, alloy_network::ethereum::Ethereum>>>::latest_round
FN:552,omikuji::contracts::flux_aggregator::tests::test_transaction_details_creation
FN:173,<omikuji::contracts::flux_aggregator::FluxAggregatorContract<alloy_transport_http::Http<reqwest::async_impl::client::Client>, alloy_provider::fillers::FillProvider<alloy_provider::fillers::join_fill::JoinFill<alloy_provider::fillers::join_fill::JoinFill<alloy_provider::builder::Identity, alloy_provider::fillers::join_fill::JoinFill<alloy_provider::fillers::gas::GasFiller, alloy_provider::fillers::join_fill::JoinFill<alloy_provider::fillers::gas::BlobGasFiller, alloy_provider::fillers::join_fill::JoinFill<alloy_provider::fillers::nonce::NonceFiller, alloy_provider::fillers::chain_id::ChainIdFiller>>>>, alloy_provider::fillers::wallet::WalletFiller<alloy_network::ethereum::wallet::EthereumWallet>>, alloy_provider::provider::root::RootProvider<alloy_transport_http::Http<reqwest::async_impl::client::Client>>, alloy_transport_http::Http<reqwest::async_impl::client::Client>, alloy_network::ethereum::Ethereum>>>::latest_round
FN:69,<omikuji::contracts::flux_aggregator::FluxAggregatorContract<_, _>>::latest_answer_with_metrics::{closure#0}
FN:209,<omikuji::contracts::flux_aggregator::FluxAggregatorContract<alloy_transport_http::Http<reqwest::async_impl::client::Client>, alloy_provider::provider::root::RootProvider<alloy_transport_http::Http<reqwest::async_impl::client::Client>>>>::max_submission_value
FN:661,omikuji::contracts::flux_aggregator::tests::test_gas_calculations
FN:121,<omikuji::contracts::flux_aggregator::FluxAggregatorContract<alloy_transport_http::Http<reqwest::async_impl::client::Client>, alloy_provider::provider::root::RootProvider<alloy_transport_http::Http<reqwest::async_impl::client::Client>>>>::latest_timestamp_with_metrics
FN:116,<omikuji::contracts::flux_aggregator::FluxAggregatorContract<alloy_transport_http::Http<reqwest::async_impl::client::Client>, alloy_provider::provider::root::RootProvider<alloy_transport_http::Http<reqwest::async_impl::client::Client>>>>::latest_timestamp::{closure#0}
FN:51,<omikuji::contracts::flux_aggregator::FluxAggregatorContract<alloy_transport_http::Http<reqwest::async_impl::client::Client>, alloy_provider::provider::root::RootProvider<alloy_transport_http::Http<reqwest::async_impl::client::Client>>>>::new
FN:209,<omikuji::contracts::flux_aggregator::FluxAggregatorContract<_, _>>::max_submission_value::{closure#0}
FN:65,<omikuji::contracts::flux_aggregator::FluxAggregatorContract<alloy_transport_http::Http<reqwest::async_impl::client::Client>, alloy_provider::provider::root::RootProvider<alloy_transport_http::Http<reqwest::async_impl::client::Client>>>>::latest_answer_with_metrics
FN:209,<omikuji::contracts::flux_aggregator::FluxAggregatorContract<alloy_transport_http::Http<reqwest::async_impl::client::Client>, alloy_provider::provider::root::RootProvider<alloy_transport_http::Http<reqwest::async_impl::client::Client>>>>::max_submission_value::{closure#0}
FN:69,<omikuji::contracts::flux_aggregator::FluxAggregatorContract<_, _>>::latest_answer_with_metrics::{closure#0}
FN:239,<omikuji::contracts::flux_aggregator::FluxAggregatorContract<_, _>>::oracle_round_state::{closure#0}
FN:173,<omikuji::contracts::flux_aggregator::FluxAggregatorContract<alloy_transport_http::Http<reqwest::async_impl::client::Client>, alloy_provider::provider::root::RootProvider<alloy_transport_http::Http<reqwest::async_impl::client::Client>>>>::latest_round
FN:589,omikuji::contracts::flux_aggregator::tests::test_address_creation
FN:173,<omikuji::contracts::flux_aggregator::FluxAggregatorContract<alloy_transport_http::Http<reqwest::async_impl::client::Client>, alloy_provider::provider::root::RootProvider<alloy_transport_http::Http<reqwest::async_impl::client::Client>>>>::latest_round::{closure#0}
FN:197,<omikuji::contracts::flux_aggregator::FluxAggregatorContract<_, _>>::min_submission_value
FN:60,<omikuji::contracts::flux_aggregator::FluxAggregatorContract<_, _>>::latest_answer::{closure#0}
FN:262,<omikuji::contracts::flux_aggregator::FluxAggregatorContract<alloy_transport_http::Http<reqwest::async_impl::client::Client>, alloy_provider::fillers::FillProvider<alloy_provider::fillers::join_fill::JoinFill<alloy_provider::fillers::join_fill::JoinFill<alloy_provider::builder::Identity, alloy_provider::fillers::join_fill::JoinFill<alloy_provider::fillers::gas::GasFiller, alloy_provider::fillers::join_fill::JoinFill<alloy_provider::fillers::gas::BlobGasFiller, alloy_provider::fillers::join_fill::JoinFill<alloy_provider::fillers::nonce::NonceFiller, alloy_provider::fillers::chain_id::ChainIdFiller>>>>, alloy_provider::fillers::wallet::WalletFiller<alloy_network::ethereum::wallet::EthereumWallet>>, alloy_provider::provider::root::RootProvider<alloy_transport_http::Http<reqwest::async_impl::client::Client>>, alloy_transport_http::Http<reqwest::async_impl::client::Client>, alloy_network::ethereum::Ethereum>>>::submit_price_with_gas_estimation::{closure#0}
FN:60,<omikuji::contracts::flux_aggregator::FluxAggregatorContract<_, _>>::latest_answer::{closure#0}
FN:235,<omikuji::contracts::flux_aggregator::FluxAggregatorContract<_, _>>::oracle_round_state
FN:222,<omikuji::contracts::flux_aggregator::FluxAggregatorContract<_, _>>::description::{closure#0}
FN:185,<omikuji::contracts::flux_aggregator::FluxAggregatorContract<_, _>>::decimals
FN:239,<omikuji::contracts::flux_aggregator::FluxAggregatorContract<_, _>>::oracle_round_state::{closure#0}
FN:116,<omikuji::contracts::flux_aggregator::FluxAggregatorContract<alloy_transport_http::Http<reqwest::async_impl::client::Client>, alloy_provider::provider::root::RootProvider<alloy_transport_http::Http<reqwest::async_impl::client::Client>>>>::latest_timestamp::{closure#0}
FNDA:0,<omikuji::contracts::flux_aggregator::FluxAggregatorContract<alloy_transport_http::Http<reqwest::async_impl::client::Client>, alloy_provider::fillers::FillProvider<alloy_provider::fillers::join_fill::JoinFill<alloy_provider::fillers::join_fill::JoinFill<alloy_provider::builder::Identity, alloy_provider::fillers::join_fill::JoinFill<alloy_provider::fillers::gas::GasFiller, alloy_provider::fillers::join_fill::JoinFill<alloy_provider::fillers::gas::BlobGasFiller, alloy_provider::fillers::join_fill::JoinFill<alloy_provider::fillers::nonce::NonceFiller, alloy_provider::fillers::chain_id::ChainIdFiller>>>>, alloy_provider::fillers::wallet::WalletFiller<alloy_network::ethereum::wallet::EthereumWallet>>, alloy_provider::provider::root::RootProvider<alloy_transport_http::Http<reqwest::async_impl::client::Client>>, alloy_transport_http::Http<reqwest::async_impl::client::Client>, alloy_network::ethereum::Ethereum>>>::submit_price_with_gas_estimation
FNDA:0,<omikuji::contracts::flux_aggregator::FluxAggregatorContract<_, _>>::latest_round::{closure#0}
FNDA:0,<omikuji::contracts::flux_aggregator::FluxAggregatorContract<alloy_transport_http::Http<reqwest::async_impl::client::Client>, alloy_provider::provider::root::RootProvider<alloy_transport_http::Http<reqwest::async_impl::client::Client>>>>::latest_timestamp_with_metrics::{closure#0}
FNDA:0,<omikuji::contracts::flux_aggregator::FluxAggregatorContract<alloy_transport_http::Http<reqwest::async_impl::client::Client>, alloy_provider::fillers::FillProvider<alloy_provider::fillers::join_fill::JoinFill<alloy_provider::fillers::join_fill::JoinFill<alloy_provider::builder::Identity, alloy_provider::fillers::join_fill::JoinFill<alloy_provider::fillers::gas::GasFiller, alloy_provider::fillers::join_fill::JoinFill<alloy_provider::fillers::gas::BlobGasFiller, alloy_provider::fillers::join_fill::JoinFill<alloy_provider::fillers::nonce::NonceFiller, alloy_provider::fillers::chain_id::ChainIdFiller>>>>, alloy_provider::fillers::wallet::WalletFiller<alloy_network::ethereum::wallet::EthereumWallet>>, alloy_provider::provider::root::RootProvider<alloy_transport_http::Http<reqwest::async_impl::client::Client>>, alloy_transport_http::Http<reqwest::async_impl::client::Client>, alloy_network::ethereum::Ethereum>>>::latest_round::{closure#0}
FNDA:0,<omikuji::contracts::flux_aggregator::FluxAggregatorContract<alloy_transport_http::Http<reqwest::async_impl::client::Client>, alloy_provider::provider::root::RootProvider<alloy_transport_http::Http<reqwest::async_impl::client::Client>>>>::latest_timestamp
FNDA:0,<omikuji::contracts::flux_aggregator::FluxAggregatorContract<_, _>>::latest_timestamp_with_metrics::{closure#0}
FNDA:0,<omikuji::contracts::flux_aggregator::FluxAggregatorContract<alloy_transport_http::Http<reqwest::async_impl::client::Client>, alloy_provider::provider::root::RootProvider<alloy_transport_http::Http<reqwest::async_impl::client::Client>>>>::latest_round
FNDA:0,<omikuji::contracts::flux_aggregator::FluxAggregatorContract<_, _>>::decimals::{closure#0}
FNDA:1,omikuji::contracts::flux_aggregator::tests::test_efficiency_calculation
FNDA:1,omikuji::contracts::flux_aggregator::tests::test_i256_edge_cases
FNDA:1,omikuji::contracts::flux_aggregator::tests::test_transaction_type_strings
FNDA:0,<omikuji::contracts::flux_aggregator::FluxAggregatorContract<alloy_transport_http::Http<reqwest::async_impl::client::Client>, alloy_provider::provider::root::RootProvider<alloy_transport_http::Http<reqwest::async_impl::client::Client>>>>::latest_answer_with_metrics::{closure#0}
FNDA:0,<omikuji::contracts::flux_aggregator::FluxAggregatorContract<alloy_transport_http::Http<reqwest::async_impl::client::Client>, alloy_provider::provider::root::RootProvider<alloy_transport_http::Http<reqwest::async_impl::client::Client>>>>::latest_timestamp_with_metrics::{closure#0}
FNDA:0,<omikuji::contracts::flux_aggregator::FluxAggregatorContract<_, _>>::decimals
FNDA:0,<omikuji::contracts::flux_aggregator::FluxAggregatorContract<_, _>>::description::{closure#0}
FNDA:0,<omikuji::contracts::flux_aggregator::FluxAggregatorContract<alloy_transport_http::Http<reqwest::async_impl::client::Client>, alloy_provider::provider::root::RootProvider<alloy_transport_http::Http<reqwest::async_impl::client::Client>>>>::latest_answer_with_metrics
FNDA:0,<omikuji::contracts::flux_aggregator::FluxAggregatorContract<alloy_transport_http::Http<reqwest::async_impl::client::Client>, alloy_provider::fillers::FillProvider<alloy_provider::fillers::join_fill::JoinFill<alloy_provider::fillers::join_fill::JoinFill<alloy_provider::builder::Identity, alloy_provider::fillers::join_fill::JoinFill<alloy_provider::fillers::gas::GasFiller, alloy_provider::fillers::join_fill::JoinFill<alloy_provider::fillers::gas::BlobGasFiller, alloy_provider::fillers::join_fill::JoinFill<alloy_provider::fillers::nonce::NonceFiller, alloy_provider::fillers::chain_id::ChainIdFiller>>>>, alloy_provider::fillers::wallet::WalletFiller<alloy_network::ethereum::wallet::EthereumWallet>>, alloy_provider::provider::root::RootProvider<alloy_transport_http::Http<reqwest::async_impl::client::Client>>, alloy_transport_http::Http<reqwest::async_impl::client::Client>, alloy_network::ethereum::Ethereum>>>::log_transaction
FNDA:0,<omikuji::contracts::flux_aggregator::FluxAggregatorContract<alloy_transport_http::Http<reqwest::async_impl::client::Client>, alloy_provider::provider::root::RootProvider<alloy_transport_http::Http<reqwest::async_impl::client::Client>>>>::min_submission_value
FNDA:0,<omikuji::contracts::flux_aggregator::FluxAggregatorContract<_, _>>::max_submission_value::{closure#0}
FNDA:0,<omikuji::contracts::flux_aggregator::FluxAggregatorContract<_, _>>::min_submission_value::{closure#0}
FNDA:0,<omikuji::contracts::flux_aggregator::FluxAggregatorContract<_, _>>::oracle_round_state::{closure#0}
FNDA:0,<omikuji::contracts::flux_aggregator::FluxAggregatorContract<_, _>>::oracle_round_state
FNDA:0,<omikuji::contracts::flux_aggregator::FluxAggregatorContract<_, _>>::decimals::{closure#0}
FNDA:0,<omikuji::contracts::flux_aggregator::FluxAggregatorContract<_, _>>::latest_answer_with_metrics
FNDA:0,<omikuji::contracts::flux_aggregator::FluxAggregatorContract<alloy_transport_http::Http<reqwest::async_impl::client::Client>, alloy_provider::fillers::FillProvider<alloy_provider::fillers::join_fill::JoinFill<alloy_provider::fillers::join_fill::JoinFill<alloy_provider::builder::Identity, alloy_provider::fillers::join_fill::JoinFill<alloy_provider::fillers::gas::GasFiller, alloy_provider::fillers::join_fill::JoinFill<alloy_provider::fillers::gas::BlobGasFiller, alloy_provider::fillers::join_fill::JoinFill<alloy_provider::fillers::nonce::NonceFiller, alloy_provider::fillers::chain_id::ChainIdFiller>>>>, alloy_provider::fillers::wallet::WalletFiller<alloy_network::ethereum::wallet::EthereumWallet>>, alloy_provider::provider::root::RootProvider<alloy_transport_http::Http<reqwest::async_impl::client::Client>>, alloy_transport_http::Http<reqwest::async_impl::client::Client>, alloy_network::ethereum::Ethereum>>>::new
FNDA:0,<omikuji::contracts::flux_aggregator::FluxAggregatorContract<_, _>>::latest_timestamp::{closure#0}
FNDA:0,<omikuji::contracts::flux_aggregator::FluxAggregatorContract<_, _>>::oracle_round_state
FNDA:0,<omikuji::contracts::flux_aggregator::FluxAggregatorContract<_, _>>::decimals::{closure#0}
FNDA:0,<omikuji::contracts::flux_aggregator::FluxAggregatorContract<_, _>>::description
FNDA:0,<omikuji::contracts::flux_aggregator::FluxAggregatorContract<alloy_transport_http::Http<reqwest::async_impl::client::Client>, alloy_provider::provider::root::RootProvider<alloy_transport_http::Http<reqwest::async_impl::client::Client>>>>::new
FNDA:0,<omikuji::contracts::flux_aggregator::FluxAggregatorContract<alloy_transport_http::Http<reqwest::async_impl::client::Client>, alloy_provider::provider::root::RootProvider<alloy_transport_http::Http<reqwest::async_impl::client::Client>>>>::latest_answer::{closure#0}
FNDA:0,<omikuji::contracts::flux_aggregator::FluxAggregatorContract<_, _>>::min_submission_value
FNDA:0,<omikuji::contracts::flux_aggregator::FluxAggregatorContract<alloy_transport_http::Http<reqwest::async_impl::client::Client>, alloy_provider::provider::root::RootProvider<alloy_transport_http::Http<reqwest::async_impl::client::Client>>>>::latest_timestamp::{closure#0}
FNDA:1,omikuji::contracts::flux_aggregator::tests::test_gas_estimate_conversion
FNDA:0,<omikuji::contracts::flux_aggregator::FluxAggregatorContract<alloy_transport_http::Http<reqwest::async_impl::client::Client>, alloy_provider::provider::root::RootProvider<alloy_transport_http::Http<reqwest::async_impl::client::Client>>>>::latest_timestamp
FNDA:1,omikuji::contracts::flux_aggregator::tests::test_error_message_parsing
FNDA:0,<omikuji::contracts::flux_aggregator::FluxAggregatorContract<_, _>>::max_submission_value
FNDA:0,<omikuji::contracts::flux_aggregator::FluxAggregatorContract<alloy_transport_http::Http<reqwest::async_impl::client::Client>, alloy_provider::provider::root::RootProvider<alloy_transport_http::Http<reqwest::async_impl::client::Client>>>>::latest_answer_with_metrics::{closure#0}
FNDA:0,<omikuji::contracts::flux_aggregator::FluxAggregatorContract<alloy_transport_http::Http<reqwest::async_impl::client::Client>, alloy_provider::fillers::FillProvider<alloy_provider::fillers::join_fill::JoinFill<alloy_provider::fillers::join_fill::JoinFill<alloy_provider::builder::Identity, alloy_provider::fillers::join_fill::JoinFill<alloy_provider::fillers::gas::GasFiller, alloy_provider::fillers::join_fill::JoinFill<alloy_provider::fillers::gas::BlobGasFiller, alloy_provider::fillers::join_fill::JoinFill<alloy_provider::fillers::nonce::NonceFiller, alloy_provider::fillers::chain_id::ChainIdFiller>>>>, alloy_provider::fillers::wallet::WalletFiller<alloy_network::ethereum::wallet::EthereumWallet>>, alloy_provider::provider::root::RootProvider<alloy_transport_http::Http<reqwest::async_impl::client::Client>>, alloy_transport_http::Http<reqwest::async_impl::client::Client>, alloy_network::ethereum::Ethereum>>>::new
FNDA:0,<omikuji::contracts::flux_aggregator::FluxAggregatorContract<alloy_transport_http::Http<reqwest::async_impl::client::Client>, alloy_provider::provider::root::RootProvider<alloy_transport_http::Http<reqwest::async_impl::client::Client>>>>::min_submission_value
FNDA:0,<omikuji::contracts::flux_aggregator::FluxAggregatorContract<alloy_transport_http::Http<reqwest::async_impl::client::Client>, alloy_provider::provider::root::RootProvider<alloy_transport_http::Http<reqwest::async_impl::client::Client>>>>::latest_answer::{closure#0}
FNDA:0,<omikuji::contracts::flux_aggregator::FluxAggregatorContract<alloy_transport_http::Http<reqwest::async_impl::client::Client>, alloy_provider::provider::root::RootProvider<alloy_transport_http::Http<reqwest::async_impl::client::Client>>>>::latest_timestamp
FNDA:0,<omikuji::contracts::flux_aggregator::FluxAggregatorContract<alloy_transport_http::Http<reqwest::async_impl::client::Client>, alloy_provider::provider::root::RootProvider<alloy_transport_http::Http<reqwest::async_impl::client::Client>>>>::new
FNDA:1,omikuji::contracts::flux_aggregator::tests::test_efficiency_calculation
FNDA:0,<omikuji::contracts::flux_aggregator::FluxAggregatorContract<_, _>>::latest_timestamp_with_metrics
FNDA:0,<omikuji::contracts::flux_aggregator::FluxAggregatorContract<alloy_transport_http::Http<reqwest::async_impl::client::Client>, alloy_provider::provider::root::RootProvider<alloy_transport_http::Http<reqwest::async_impl::client::Client>>>>::latest_round::{closure#0}
FNDA:1,omikuji::contracts::flux_aggregator::tests::test_retry_logic_values
FNDA:1,omikuji::contracts::flux_aggregator::tests::test_retry_logic_values
FNDA:0,<omikuji::contracts::flux_aggregator::FluxAggregatorContract<_, _>>::min_submission_value::{closure#0}
FNDA:0,<omikuji::contracts::flux_aggregator::FluxAggregatorContract<alloy_transport_http::Http<reqwest::async_impl::client::Client>, alloy_provider::provider::root::RootProvider<alloy_transport_http::Http<reqwest::async_impl::client::Client>>>>::decimals
FNDA:1,omikuji::contracts::flux_aggregator::tests::test_submission_timestamp
FNDA:0,<omikuji::contracts::flux_aggregator::FluxAggregatorContract<alloy_transport_http::Http<reqwest::async_impl::client::Client>, alloy_provider::provider::root::RootProvider<alloy_transport_http::Http<reqwest::async_impl::client::Client>>>>::min_submission_value::{closure#0}
FNDA:0,<omikuji::contracts::flux_aggregator::FluxAggregatorContract<_, _>>::description
FNDA:0,<omikuji::contracts::flux_aggregator::FluxAggregatorContract<_, _>>::log_transaction
FNDA:0,<omikuji::contracts::flux_aggregator::FluxAggregatorContract<_, _>>::submit_price_with_gas_estimation::{closure#0}
FNDA:0,<omikuji::contracts::flux_aggregator::FluxAggregatorContract<alloy_transport_http::Http<reqwest::async_impl::client::Client>, alloy_provider::provider::root::RootProvider<alloy_transport_http::Http<reqwest::async_impl::client::Client>>>>::latest_answer
FNDA:1,omikuji::contracts::flux_aggregator::tests::test_contract_call_encoding
FNDA:0,<omikuji::contracts::flux_aggregator::FluxAggregatorContract<_, _>>::min_submission_value
FNDA:1,omikuji::contracts::flux_aggregator::tests::test_gas_calculations
FNDA:0,<omikuji::contracts::flux_aggregator::FluxAggregatorContract<_, _>>::latest_round::{closure#0}
FNDA:1,omikuji::contracts::flux_aggregator::tests::test_error_message_parsing
FNDA:0,<omikuji::contracts::flux_aggregator::FluxAggregatorContract<alloy_transport_http::Http<reqwest::async_impl::client::Client>, alloy_provider::fillers::FillProvider<alloy_provider::fillers::join_fill::JoinFill<alloy_provider::fillers::join_fill::JoinFill<alloy_provider::builder::Identity, alloy_provider::fillers::join_fill::JoinFill<alloy_provider::fillers::gas::GasFiller, alloy_provider::fillers::join_fill::JoinFill<alloy_provider::fillers::gas::BlobGasFiller, alloy_provider::fillers::join_fill::JoinFill<alloy_provider::fillers::nonce::NonceFiller, alloy_provider::fillers::chain_id::ChainIdFiller>>>>, alloy_provider::fillers::wallet::WalletFiller<alloy_network::ethereum::wallet::EthereumWallet>>, alloy_provider::provider::root::RootProvider<alloy_transport_http::Http<reqwest::async_impl::client::Client>>, alloy_transport_http::Http<reqwest::async_impl::client::Client>, alloy_network::ethereum::Ethereum>>>::log_transaction
FNDA:0,<omikuji::contracts::flux_aggregator::FluxAggregatorContract<_, _>>::log_transaction::{closure#0}
FNDA:0,<omikuji::contracts::flux_aggregator::FluxAggregatorContract<alloy_transport_http::Http<reqwest::async_impl::client::Client>, alloy_provider::fillers::FillProvider<alloy_provider::fillers::join_fill::JoinFill<alloy_provider::fillers::join_fill::JoinFill<alloy_provider::builder::Identity, alloy_provider::fillers::join_fill::JoinFill<alloy_provider::fillers::gas::GasFiller, alloy_provider::fillers::join_fill::JoinFill<alloy_provider::fillers::gas::BlobGasFiller, alloy_provider::fillers::join_fill::JoinFill<alloy_provider::fillers::nonce::NonceFiller, alloy_provider::fillers::chain_id::ChainIdFiller>>>>, alloy_provider::fillers::wallet::WalletFiller<alloy_network::ethereum::wallet::EthereumWallet>>, alloy_provider::provider::root::RootProvider<alloy_transport_http::Http<reqwest::async_impl::client::Client>>, alloy_transport_http::Http<reqwest::async_impl::client::Client>, alloy_network::ethereum::Ethereum>>>::log_transaction
FNDA:0,<omikuji::contracts::flux_aggregator::FluxAggregatorContract<alloy_transport_http::Http<reqwest::async_impl::client::Client>, alloy_provider::provider::root::RootProvider<alloy_transport_http::Http<reqwest::async_impl::client::Client>>>>::latest_timestamp_with_metrics
FNDA:0,<omikuji::contracts::flux_aggregator::FluxAggregatorContract<_, _>>::decimals
FNDA:0,<omikuji::contracts::flux_aggregator::FluxAggregatorContract<_, _>>::oracle_round_state::{closure#0}
FNDA:0,<omikuji::contracts::flux_aggregator::FluxAggregatorContract<alloy_transport_http::Http<reqwest::async_impl::client::Client>, alloy_provider::fillers::FillProvider<alloy_provider::fillers::join_fill::JoinFill<alloy_provider::fillers::join_fill::JoinFill<alloy_provider::builder::Identity, alloy_provider::fillers::join_fill::JoinFill<alloy_provider::fillers::gas::GasFiller, alloy_provider::fillers::join_fill::JoinFill<alloy_provider::fillers::gas::BlobGasFiller, alloy_provider::fillers::join_fill::JoinFill<alloy_provider::fillers::nonce::NonceFiller, alloy_provider::fillers::chain_id::ChainIdFiller>>>>, alloy_provider::fillers::wallet::WalletFiller<alloy_network::ethereum::wallet::EthereumWallet>>, alloy_provider::provider::root::RootProvider<alloy_transport_http::Http<reqwest::async_impl::client::Client>>, alloy_transport_http::Http<reqwest::async_impl::client::Client>, alloy_network::ethereum::Ethereum>>>::latest_round::{closure#0}
FNDA:0,<omikuji::contracts::flux_aggregator::FluxAggregatorContract<_, _>>::description
FNDA:0,<omikuji::contracts::flux_aggregator::FluxAggregatorContract<alloy_transport_http::Http<reqwest::async_impl::client::Client>, alloy_provider::provider::root::RootProvider<alloy_transport_http::Http<reqwest::async_impl::client::Client>>>>::latest_timestamp_with_metrics
FNDA:0,<omikuji::contracts::flux_aggregator::FluxAggregatorContract<alloy_transport_http::Http<reqwest::async_impl::client::Client>, alloy_provider::provider::root::RootProvider<alloy_transport_http::Http<reqwest::async_impl::client::Client>>>>::latest_answer
FNDA:0,<omikuji::contracts::flux_aggregator::FluxAggregatorContract<alloy_transport_http::Http<reqwest::async_impl::client::Client>, alloy_provider::provider::root::RootProvider<alloy_transport_http::Http<reqwest::async_impl::client::Client>>>>::max_submission_value::{closure#0}
FNDA:0,<omikuji::contracts::flux_aggregator::FluxAggregatorContract<alloy_transport_http::Http<reqwest::async_impl::client::Client>, alloy_provider::provider::root::RootProvider<alloy_transport_http::Http<reqwest::async_impl::client::Client>>>>::latest_answer
FNDA:0,<omikuji::contracts::flux_aggregator::FluxAggregatorContract<_, _>>::max_submission_value::{closure#0}
FNDA:0,<omikuji::contracts::flux_aggregator::FluxAggregatorContract<_, _>>::latest_timestamp_with_metrics
FNDA:0,<omikuji::contracts::flux_aggregator::FluxAggregatorContract<_, _>>::latest_round
FNDA:0,<omikuji::contracts::flux_aggregator::FluxAggregatorContract<alloy_transport_http::Http<reqwest::async_impl::client::Client>, alloy_provider::provider::root::RootProvider<alloy_transport_http::Http<reqwest::async_impl::client::Client>>>>::new
FNDA:0,<omikuji::contracts::flux_aggregator::FluxAggregatorContract<alloy_transport_http::Http<reqwest::async_impl::client::Client>, alloy_provider::provider::root::RootProvider<alloy_transport_http::Http<reqwest::async_impl::client::Client>>>>::latest_answer_with_metrics::{closure#0}
FNDA:1,omikuji::contracts::flux_aggregator::tests::test_transaction_type_strings
FNDA:0,<omikuji::contracts::flux_aggregator::FluxAggregatorContract<_, _>>::latest_timestamp_with_metrics::{closure#0}
FNDA:0,<omikuji::contracts::flux_aggregator::FluxAggregatorContract<alloy_transport_http::Http<reqwest::async_impl::client::Client>, alloy_provider::fillers::FillProvider<alloy_provider::fillers::join_fill::JoinFill<alloy_provider::fillers::join_fill::JoinFill<alloy_provider::builder::Identity, alloy_provider::fillers::join_fill::JoinFill<alloy_provider::fillers::gas::GasFiller, alloy_provider::fillers::join_fill::JoinFill<alloy_provider::fillers::gas::BlobGasFiller, alloy_provider::fillers::join_fill::JoinFill<alloy_provider::fillers::nonce::NonceFiller, alloy_provider::fillers::chain_id::ChainIdFiller>>>>, alloy_provider::fillers::wallet::WalletFiller<alloy_network::ethereum::wallet::EthereumWallet>>, alloy_provider::provider::root::RootProvider<alloy_transport_http::Http<reqwest::async_impl::client::Client>>, alloy_transport_http::Http<reqwest::async_impl::client::Client>, alloy_network::ethereum::Ethereum>>>::latest_round::{closure#0}
FNDA:0,<omikuji::contracts::flux_aggregator::FluxAggregatorContract<_, _>>::description
FNDA:0,<omikuji::contracts::flux_aggregator::FluxAggregatorContract<alloy_transport_http::Http<reqwest::async_impl::client::Client>, alloy_provider::fillers::FillProvider<alloy_provider::fillers::join_fill::JoinFill<alloy_provider::fillers::join_fill::JoinFill<alloy_provider::builder::Identity, alloy_provider::fillers::join_fill::JoinFill<alloy_provider::fillers::gas::GasFiller, alloy_provider::fillers::join_fill::JoinFill<alloy_provider::fillers::gas::BlobGasFiller, alloy_provider::fillers::join_fill::JoinFill<alloy_provider::fillers::nonce::NonceFiller, alloy_provider::fillers::chain_id::ChainIdFiller>>>>, alloy_provider::fillers::wallet::WalletFiller<alloy_network::ethereum::wallet::EthereumWallet>>, alloy_provider::provider::root::RootProvider<alloy_transport_http::Http<reqwest::async_impl::client::Client>>, alloy_transport_http::Http<reqwest::async_impl::client::Client>, alloy_network::ethereum::Ethereum>>>::new
FNDA:0,<omikuji::contracts::flux_aggregator::FluxAggregatorContract<alloy_transport_http::Http<reqwest::async_impl::client::Client>, alloy_provider::fillers::FillProvider<alloy_provider::fillers::join_fill::JoinFill<alloy_provider::fillers::join_fill::JoinFill<alloy_provider::builder::Identity, alloy_provider::fillers::join_fill::JoinFill<alloy_provider::fillers::gas::GasFiller, alloy_provider::fillers::join_fill::JoinFill<alloy_provider::fillers::gas::BlobGasFiller, alloy_provider::fillers::join_fill::JoinFill<alloy_provider::fillers::nonce::NonceFiller, alloy_provider::fillers::chain_id::ChainIdFiller>>>>, alloy_provider::fillers::wallet::WalletFiller<alloy_network::ethereum::wallet::EthereumWallet>>, alloy_provider::provider::root::RootProvider<alloy_transport_http::Http<reqwest::async_impl::client::Client>>, alloy_transport_http::Http<reqwest::async_impl::client::Client>, alloy_network::ethereum::Ethereum>>>::submit_price_with_gas_estimation
FNDA:0,<omikuji::contracts::flux_aggregator::FluxAggregatorContract<_, _>>::oracle_round_state
FNDA:0,<omikuji::contracts::flux_aggregator::FluxAggregatorContract<_, _>>::latest_answer
FNDA:0,<omikuji::contracts::flux_aggregator::FluxAggregatorContract<_, _>>::submit_price_with_gas_estimation::{closure#0}
FNDA:0,<omikuji::contracts::flux_aggregator::FluxAggregatorContract<alloy_transport_http::Http<reqwest::async_impl::client::Client>, alloy_provider::fillers::FillProvider<alloy_provider::fillers::join_fill::JoinFill<alloy_provider::fillers::join_fill::JoinFill<alloy_provider::builder::Identity, alloy_provider::fillers::join_fill::JoinFill<alloy_provider::fillers::gas::GasFiller, alloy_provider::fillers::join_fill::JoinFill<alloy_provider::fillers::gas::BlobGasFiller, alloy_provider::fillers::join_fill::JoinFill<alloy_provider::fillers::nonce::NonceFiller, alloy_provider::fillers::chain_id::ChainIdFiller>>>>, alloy_provider::fillers::wallet::WalletFiller<alloy_network::ethereum::wallet::EthereumWallet>>, alloy_provider::provider::root::RootProvider<alloy_transport_http::Http<reqwest::async_impl::client::Client>>, alloy_transport_http::Http<reqwest::async_impl::client::Client>, alloy_network::ethereum::Ethereum>>>::submit_price_with_gas_estimation
FNDA:0,<omikuji::contracts::flux_aggregator::FluxAggregatorContract<_, _>>::latest_answer_with_metrics
FNDA:0,<omikuji::contracts::flux_aggregator::FluxAggregatorContract<alloy_transport_http::Http<reqwest::async_impl::client::Client>, alloy_provider::fillers::FillProvider<alloy_provider::fillers::join_fill::JoinFill<alloy_provider::fillers::join_fill::JoinFill<alloy_provider::builder::Identity, alloy_provider::fillers::join_fill::JoinFill<alloy_provider::fillers::gas::GasFiller, alloy_provider::fillers::join_fill::JoinFill<alloy_provider::fillers::gas::BlobGasFiller, alloy_provider::fillers::join_fill::JoinFill<alloy_provider::fillers::nonce::NonceFiller, alloy_provider::fillers::chain_id::ChainIdFiller>>>>, alloy_provider::fillers::wallet::WalletFiller<alloy_network::ethereum::wallet::EthereumWallet>>, alloy_provider::provider::root::RootProvider<alloy_transport_http::Http<reqwest::async_impl::client::Client>>, alloy_transport_http::Http<reqwest::async_impl::client::Client>, alloy_network::ethereum::Ethereum>>>::log_transaction::{closure#0}
FNDA:1,omikuji::contracts::flux_aggregator::tests::test_gas_estimate_conversion
FNDA:1,omikuji::contracts::flux_aggregator::tests::test_contract_call_encoding
FNDA:0,<omikuji::contracts::flux_aggregator::FluxAggregatorContract<alloy_transport_http::Http<reqwest::async_impl::client::Client>, alloy_provider::provider::root::RootProvider<alloy_transport_http::Http<reqwest::async_impl::client::Client>>>>::latest_answer_with_metrics
FNDA:0,<omikuji::contracts::flux_aggregator::FluxAggregatorContract<alloy_transport_http::Http<reqwest::async_impl::client::Client>, alloy_provider::provider::root::RootProvider<alloy_transport_http::Http<reqwest::async_impl::client::Client>>>>::latest_round
FNDA:0,<omikuji::contracts::flux_aggregator::FluxAggregatorContract<_, _>>::description::{closure#0}
FNDA:0,<omikuji::contracts::flux_aggregator::FluxAggregatorContract<_, _>>::max_submission_value
FNDA:0,<omikuji::contracts::flux_aggregator::FluxAggregatorContract<alloy_transport_http::Http<reqwest::async_impl::client::Client>, alloy_provider::fillers::FillProvider<alloy_provider::fillers::join_fill::JoinFill<alloy_provider::fillers::join_fill::JoinFill<alloy_provider::builder::Identity, alloy_provider::fillers::join_fill::JoinFill<alloy_provider::fillers::gas::GasFiller, alloy_provider::fillers::join_fill::JoinFill<alloy_provider::fillers::gas::BlobGasFiller, alloy_provider::fillers::join_fill::JoinFill<alloy_provider::fillers::nonce::NonceFiller, alloy_provider::fillers::chain_id::ChainIdFiller>>>>, alloy_provider::fillers::wallet::WalletFiller<alloy_network::ethereum::wallet::EthereumWallet>>, alloy_provider::provider::root::RootProvider<alloy_transport_http::Http<reqwest::async_impl::client::Client>>, alloy_transport_http::Http<reqwest::async_impl::client::Client>, alloy_network::ethereum::Ethereum>>>::submit_price_with_gas_estimation::{closure#0}
FNDA:0,<omikuji::contracts::flux_aggregator::FluxAggregatorContract<_, _>>::min_submission_value::{closure#0}
FNDA:0,<omikuji::contracts::flux_aggregator::FluxAggregatorContract<alloy_transport_http::Http<reqwest::async_impl::client::Client>, alloy_provider::provider::root::RootProvider<alloy_transport_http::Http<reqwest::async_impl::client::Client>>>>::max_submission_value
FNDA:0,<omikuji::contracts::flux_aggregator::FluxAggregatorContract<alloy_transport_http::Http<reqwest::async_impl::client::Client>, alloy_provider::fillers::FillProvider<alloy_provider::fillers::join_fill::JoinFill<alloy_provider::fillers::join_fill::JoinFill<alloy_provider::builder::Identity, alloy_provider::fillers::join_fill::JoinFill<alloy_provider::fillers::gas::GasFiller, alloy_provider::fillers::join_fill::JoinFill<alloy_provider::fillers::gas::BlobGasFiller, alloy_provider::fillers::join_fill::JoinFill<alloy_provider::fillers::nonce::NonceFiller, alloy_provider::fillers::chain_id::ChainIdFiller>>>>, alloy_provider::fillers::wallet::WalletFiller<alloy_network::ethereum::wallet::EthereumWallet>>, alloy_provider::provider::root::RootProvider<alloy_transport_http::Http<reqwest::async_impl::client::Client>>, alloy_transport_http::Http<reqwest::async_impl::client::Client>, alloy_network::ethereum::Ethereum>>>::latest_round
FNDA:0,<omikuji::contracts::flux_aggregator::FluxAggregatorContract<_, _>>::log_transaction::{closure#0}
FNDA:0,<omikuji::contracts::flux_aggregator::FluxAggregatorContract<_, _>>::latest_timestamp
FNDA:0,<omikuji::contracts::flux_aggregator::FluxAggregatorContract<_, _>>::oracle_round_state::{closure#0}
FNDA:0,<omikuji::contracts::flux_aggregator::FluxAggregatorContract<alloy_transport_http::Http<reqwest::async_impl::client::Client>, alloy_provider::fillers::FillProvider<alloy_provider::fillers::join_fill::JoinFill<alloy_provider::fillers::join_fill::JoinFill<alloy_provider::builder::Identity, alloy_provider::fillers::join_fill::JoinFill<alloy_provider::fillers::gas::GasFiller, alloy_provider::fillers::join_fill::JoinFill<alloy_provider::fillers::gas::BlobGasFiller, alloy_provider::fillers::join_fill::JoinFill<alloy_provider::fillers::nonce::NonceFiller, alloy_provider::fillers::chain_id::ChainIdFiller>>>>, alloy_provider::fillers::wallet::WalletFiller<alloy_network::ethereum::wallet::EthereumWallet>>, alloy_provider::provider::root::RootProvider<alloy_transport_http::Http<reqwest::async_impl::client::Client>>, alloy_transport_http::Http<reqwest::async_impl::client::Client>, alloy_network::ethereum::Ethereum>>>::log_transaction::{closure#0}
FNDA:0,<omikuji::contracts::flux_aggregator::FluxAggregatorContract<alloy_transport_http::Http<reqwest::async_impl::client::Client>, alloy_provider::provider::root::RootProvider<alloy_transport_http::Http<reqwest::async_impl::client::Client>>>>::decimals::{closure#0}
FNDA:0,<omikuji::contracts::flux_aggregator::FluxAggregatorContract<_, _>>::description::{closure#0}
FNDA:0,<omikuji::contracts::flux_aggregator::FluxAggregatorContract<alloy_transport_http::Http<reqwest::async_impl::client::Client>, alloy_provider::provider::root::RootProvider<alloy_transport_http::Http<reqwest::async_impl::client::Client>>>>::new
FNDA:0,<omikuji::contracts::flux_aggregator::FluxAggregatorContract<_, _>>::latest_answer
FNDA:0,<omikuji::contracts::flux_aggregator::FluxAggregatorContract<_, _>>::description::{closure#0}
FNDA:0,<omikuji::contracts::flux_aggregator::FluxAggregatorContract<_, _>>::submit_price_with_gas_estimation
FNDA:1,omikuji::contracts::flux_aggregator::tests::test_address_creation
FNDA:0,<omikuji::contracts::flux_aggregator::FluxAggregatorContract<alloy_transport_http::Http<reqwest::async_impl::client::Client>, alloy_provider::provider::root::RootProvider<alloy_transport_http::Http<reqwest::async_impl::client::Client>>>>::latest_answer::{closure#0}
FNDA:0,<omikuji::contracts::flux_aggregator::FluxAggregatorContract<alloy_transport_http::Http<reqwest::async_impl::client::Client>, alloy_provider::provider::root::RootProvider<alloy_transport_http::Http<reqwest::async_impl::client::Client>>>>::decimals::{closure#0}
FNDA:1,omikuji::contracts::flux_aggregator::tests::test_i256_edge_cases
FNDA:0,<omikuji::contracts::flux_aggregator::FluxAggregatorContract<alloy_transport_http::Http<reqwest::async_impl::client::Client>, alloy_provider::fillers::FillProvider<alloy_provider::fillers::join_fill::JoinFill<alloy_provider::fillers::join_fill::JoinFill<alloy_provider::builder::Identity, alloy_provider::fillers::join_fill::JoinFill<alloy_provider::fillers::gas::GasFiller, alloy_provider::fillers::join_fill::JoinFill<alloy_provider::fillers::gas::BlobGasFiller, alloy_provider::fillers::join_fill::JoinFill<alloy_provider::fillers::nonce::NonceFiller, alloy_provider::fillers::chain_id::ChainIdFiller>>>>, alloy_provider::fillers::wallet::WalletFiller<alloy_network::ethereum::wallet::EthereumWallet>>, alloy_provider::provider::root::RootProvider<alloy_transport_http::Http<reqwest::async_impl::client::Client>>, alloy_transport_http::Http<reqwest::async_impl::client::Client>, alloy_network::ethereum::Ethereum>>>::log_transaction::{closure#0}
FNDA:0,<omikuji::contracts::flux_aggregator::FluxAggregatorContract<alloy_transport_http::Http<reqwest::async_impl::client::Client>, alloy_provider::provider::root::RootProvider<alloy_transport_http::Http<reqwest::async_impl::client::Client>>>>::min_submission_value::{closure#0}
FNDA:0,<omikuji::contracts::flux_aggregator::FluxAggregatorContract<_, _>>::description
FNDA:0,<omikuji::contracts::flux_aggregator::FluxAggregatorContract<_, _>>::latest_round
FNDA:0,<omikuji::contracts::flux_aggregator::FluxAggregatorContract<_, _>>::log_transaction
FNDA:0,<omikuji::contracts::flux_aggregator::FluxAggregatorContract<alloy_transport_http::Http<reqwest::async_impl::client::Client>, alloy_provider::provider::root::RootProvider<alloy_transport_http::Http<reqwest::async_impl::client::Client>>>>::decimals
FNDA:0,<omikuji::contracts::flux_aggregator::FluxAggregatorContract<_, _>>::oracle_round_state
FNDA:0,<omikuji::contracts::flux_aggregator::FluxAggregatorContract<alloy_transport_http::Http<reqwest::async_impl::client::Client>, alloy_provider::fillers::FillProvider<alloy_provider::fillers::join_fill::JoinFill<alloy_provider::fillers::join_fill::JoinFill<alloy_provider::builder::Identity, alloy_provider::fillers::join_fill::JoinFill<alloy_provider::fillers::gas::GasFiller, alloy_provider::fillers::join_fill::JoinFill<alloy_provider::fillers::gas::BlobGasFiller, alloy_provider::fillers::join_fill::JoinFill<alloy_provider::fillers::nonce::NonceFiller, alloy_provider::fillers::chain_id::ChainIdFiller>>>>, alloy_provider::fillers::wallet::WalletFiller<alloy_network::ethereum::wallet::EthereumWallet>>, alloy_provider::provider::root::RootProvider<alloy_transport_http::Http<reqwest::async_impl::client::Client>>, alloy_transport_http::Http<reqwest::async_impl::client::Client>, alloy_network::ethereum::Ethereum>>>::submit_price_with_gas_estimation::{closure#0}
FNDA:0,<omikuji::contracts::flux_aggregator::FluxAggregatorContract<alloy_transport_http::Http<reqwest::async_impl::client::Client>, alloy_provider::provider::root::RootProvider<alloy_transport_http::Http<reqwest::async_impl::client::Client>>>>::latest_round::{closure#0}
FNDA:0,<omikuji::contracts::flux_aggregator::FluxAggregatorContract<alloy_transport_http::Http<reqwest::async_impl::client::Client>, alloy_provider::provider::root::RootProvider<alloy_transport_http::Http<reqwest::async_impl::client::Client>>>>::latest_timestamp_with_metrics::{closure#0}
FNDA:0,<omikuji::contracts::flux_aggregator::FluxAggregatorContract<_, _>>::latest_timestamp::{closure#0}
FNDA:0,<omikuji::contracts::flux_aggregator::FluxAggregatorContract<_, _>>::max_submission_value
FNDA:1,omikuji::contracts::flux_aggregator::tests::test_transaction_details_creation
FNDA:0,<omikuji::contracts::flux_aggregator::FluxAggregatorContract<_, _>>::submit_price_with_gas_estimation
FNDA:0,<omikuji::contracts::flux_aggregator::FluxAggregatorContract<_, _>>::latest_timestamp
FNDA:1,omikuji::contracts::flux_aggregator::tests::test_submission_timestamp
FNDA:0,<omikuji::contracts::flux_aggregator::FluxAggregatorContract<alloy_transport_http::Http<reqwest::async_impl::client::Client>, alloy_provider::fillers::FillProvider<alloy_provider::fillers::join_fill::JoinFill<alloy_provider::fillers::join_fill::JoinFill<alloy_provider::builder::Identity, alloy_provider::fillers::join_fill::JoinFill<alloy_provider::fillers::gas::GasFiller, alloy_provider::fillers::join_fill::JoinFill<alloy_provider::fillers::gas::BlobGasFiller, alloy_provider::fillers::join_fill::JoinFill<alloy_provider::fillers::nonce::NonceFiller, alloy_provider::fillers::chain_id::ChainIdFiller>>>>, alloy_provider::fillers::wallet::WalletFiller<alloy_network::ethereum::wallet::EthereumWallet>>, alloy_provider::provider::root::RootProvider<alloy_transport_http::Http<reqwest::async_impl::client::Client>>, alloy_transport_http::Http<reqwest::async_impl::client::Client>, alloy_network::ethereum::Ethereum>>>::latest_round
FNDA:1,omikuji::contracts::flux_aggregator::tests::test_transaction_details_creation
[...]
DA:557,1
DA:559,1
DA:560,1
DA:563,1
DA:564,1
DA:565,1
DA:566,1
DA:569,1
DA:571,1
DA:572,1
DA:573,1
DA:574,1
DA:575,1
DA:578,1
DA:579,1
DA:580,1
DA:581,1
DA:582,1
DA:585,1
DA:586,1
DA:587,1
DA:588,1
DA:589,1
DA:591,1
DA:592,1
DA:595,1
DA:596,1
DA:597,1
DA:600,1
DA:602,1
DA:603,1
DA:604,1
DA:605,1
DA:607,0
DA:609,1
DA:611,1
DA:612,1
DA:615,1
DA:616,1
DA:617,1
DA:618,0
DA:619,0
DA:621,1
DA:623,1
DA:625,1
DA:626,1
DA:629,1
DA:630,1
DA:633,1
DA:636,1
DA:637,2
DA:638,1
DA:639,1
DA:641,1
DA:642,1
DA:645,1
DA:647,1
DA:648,1
DA:650,1
DA:651,1
DA:652,1
DA:653,1
DA:654,1
DA:655,1
DA:656,1
DA:657,1
DA:658,1
DA:659,1
DA:660,1
DA:661,1
DA:662,1
DA:663,1
DA:664,1
DA:666,1
DA:669,1
DA:670,1
DA:671,1
DA:672,1
DA:673,1
DA:674,1
LF:392
LH:159
end_of_record
SF:src/metrics/network_metrics.rs
FN:187,<omikuji::metrics::network_metrics::NetworkMetrics>::update_block_time
FN:135,<omikuji::metrics::network_metrics::NetworkMetrics>::update_chain_head
FN:194,<omikuji::metrics::network_metrics::NetworkMetrics>::update_pending_transactions
FN:94,<omikuji::metrics::network_metrics::NetworkMetrics>::record_rpc_request
FN:162,<omikuji::metrics::network_metrics::NetworkMetrics>::update_sync_status
FN:208,<omikuji::metrics::network_metrics::NetworkMetrics>::update_gas_price
FN:162,<omikuji::metrics::network_metrics::NetworkMetrics>::update_sync_status
FN:208,<omikuji::metrics::network_metrics::NetworkMetrics>::update_gas_price
FN:135,<omikuji::metrics::network_metrics::NetworkMetrics>::update_chain_head
FN:215,<omikuji::metrics::network_metrics::NetworkMetrics>::update_connection_pool
FN:173,<omikuji::metrics::network_metrics::NetworkMetrics>::update_endpoint_health
FN:94,<omikuji::metrics::network_metrics::NetworkMetrics>::record_rpc_request
FN:215,<omikuji::metrics::network_metrics::NetworkMetrics>::update_connection_pool
FN:187,<omikuji::metrics::network_metrics::NetworkMetrics>::update_block_time
FN:243,<omikuji::metrics::network_metrics::NetworkMetrics>::classify_rpc_error
FN:173,<omikuji::metrics::network_metrics::NetworkMetrics>::update_endpoint_health
FN:187,<omikuji::metrics::network_metrics::NetworkMetrics>::update_block_time
FN:94,<omikuji::metrics::network_metrics::NetworkMetrics>::record_rpc_request
FN:187,<omikuji::metrics::network_metrics::NetworkMetrics>::update_block_time
FN:208,<omikuji::metrics::network_metrics::NetworkMetrics>::update_gas_price
FN:94,<omikuji::metrics::network_metrics::NetworkMetrics>::record_rpc_request
FN:243,<omikuji::metrics::network_metrics::NetworkMetrics>::classify_rpc_error
FN:215,<omikuji::metrics::network_metrics::NetworkMetrics>::update_connection_pool
FN:135,<omikuji::metrics::network_metrics::NetworkMetrics>::update_chain_head
FN:135,<omikuji::metrics::network_metrics::NetworkMetrics>::update_chain_head
FN:194,<omikuji::metrics::network_metrics::NetworkMetrics>::update_pending_transactions
FN:243,<omikuji::metrics::network_metrics::NetworkMetrics>::classify_rpc_error
FN:243,<omikuji::metrics::network_metrics::NetworkMetrics>::classify_rpc_error
FN:94,<omikuji::metrics::network_metrics::NetworkMetrics>::record_rpc_request
FN:173,<omikuji::metrics::network_metrics::NetworkMetrics>::update_endpoint_health
FN:243,<omikuji::metrics::network_metrics::NetworkMetrics>::classify_rpc_error
FN:208,<omikuji::metrics::network_metrics::NetworkMetrics>::update_gas_price
FN:162,<omikuji::metrics::network_metrics::NetworkMetrics>::update_sync_status
FN:173,<omikuji::metrics::network_metrics::NetworkMetrics>::update_endpoint_health
FN:194,<omikuji::metrics::network_metrics::NetworkMetrics>::update_pending_transactions
FN:208,<omikuji::metrics::network_metrics::NetworkMetrics>::update_gas_price
FN:187,<omikuji::metrics::network_metrics::NetworkMetrics>::update_block_time
FN:162,<omikuji::metrics::network_metrics::NetworkMetrics>::update_sync_status
FN:135,<omikuji::metrics::network_metrics::NetworkMetrics>::update_chain_head
FN:173,<omikuji::metrics::network_metrics::NetworkMetrics>::update_endpoint_health
FN:162,<omikuji::metrics::network_metrics::NetworkMetrics>::update_sync_status
FN:215,<omikuji::metrics::network_metrics::NetworkMetrics>::update_connection_pool
FN:194,<omikuji::metrics::network_metrics::NetworkMetrics>::update_pending_transactions
FN:215,<omikuji::metrics::network_metrics::NetworkMetrics>::update_connection_pool
FN:194,<omikuji::metrics::network_metrics::NetworkMetrics>::update_pending_transactions
FNDA:0,<omikuji::metrics::network_metrics::NetworkMetrics>::update_block_time
FNDA:0,<omikuji::metrics::network_metrics::NetworkMetrics>::update_chain_head
FNDA:0,<omikuji::metrics::network_metrics::NetworkMetrics>::update_pending_transactions
FNDA:0,<omikuji::metrics::network_metrics::NetworkMetrics>::record_rpc_request
FNDA:0,<omikuji::metrics::network_metrics::NetworkMetrics>::update_sync_status
FNDA:0,<omikuji::metrics::network_metrics::NetworkMetrics>::update_gas_price
FNDA:0,<omikuji::metrics::network_metrics::NetworkMetrics>::update_sync_status
FNDA:0,<omikuji::metrics::network_metrics::NetworkMetrics>::update_gas_price
FNDA:0,<omikuji::metrics::network_metrics::NetworkMetrics>::update_chain_head
FNDA:0,<omikuji::metrics::network_metrics::NetworkMetrics>::update_connection_pool
FNDA:1,<omikuji::metrics::network_metrics::NetworkMetrics>::update_endpoint_health
FNDA:0,<omikuji::metrics::network_metrics::NetworkMetrics>::record_rpc_request
FNDA:0,<omikuji::metrics::network_metrics::NetworkMetrics>::update_connection_pool
FNDA:0,<omikuji::metrics::network_metrics::NetworkMetrics>::update_block_time
FNDA:0,<omikuji::metrics::network_metrics::NetworkMetrics>::classify_rpc_error
FNDA:0,<omikuji::metrics::network_metrics::NetworkMetrics>::update_endpoint_health
FNDA:0,<omikuji::metrics::network_metrics::NetworkMetrics>::update_block_time
FNDA:0,<omikuji::metrics::network_metrics::NetworkMetrics>::record_rpc_request
FNDA:0,<omikuji::metrics::network_metrics::NetworkMetrics>::update_block_time
FNDA:0,<omikuji::metrics::network_metrics::NetworkMetrics>::update_gas_price
FNDA:0,<omikuji::metrics::network_metrics::NetworkMetrics>::record_rpc_request
FNDA:0,<omikuji::metrics::network_metrics::NetworkMetrics>::classify_rpc_error
FNDA:0,<omikuji::metrics::network_metrics::NetworkMetrics>::update_connection_pool
FNDA:0,<omikuji::metrics::network_metrics::NetworkMetrics>::update_chain_head
FNDA:0,<omikuji::metrics::network_metrics::NetworkMetrics>::update_chain_head
FNDA:0,<omikuji::metrics::network_metrics::NetworkMetrics>::update_pending_transactions
FNDA:0,<omikuji::metrics::network_metrics::NetworkMetrics>::classify_rpc_error
FNDA:0,<omikuji::metrics::network_metrics::NetworkMetrics>::classify_rpc_error
FNDA:0,<omikuji::metrics::network_metrics::NetworkMetrics>::record_rpc_request
FNDA:1,<omikuji::metrics::network_metrics::NetworkMetrics>::update_endpoint_health
FNDA:0,<omikuji::metrics::network_metrics::NetworkMetrics>::classify_rpc_error
FNDA:0,<omikuji::metrics::network_metrics::NetworkMetrics>::update_gas_price
FNDA:0,<omikuji::metrics::network_metrics::NetworkMetrics>::update_sync_status
FNDA:0,<omikuji::metrics::network_metrics::NetworkMetrics>::update_endpoint_health
FNDA:0,<omikuji::metrics::network_metrics::NetworkMetrics>::update_pending_transactions
FNDA:0,<omikuji::metrics::network_metrics::NetworkMetrics>::update_gas_price
FNDA:0,<omikuji::metrics::network_metrics::NetworkMetrics>::update_block_time
FNDA:0,<omikuji::metrics::network_metrics::NetworkMetrics>::update_sync_status
FNDA:0,<omikuji::metrics::network_metrics::NetworkMetrics>::update_chain_head
FNDA:0,<omikuji::metrics::network_metrics::NetworkMetrics>::update_endpoint_health
FNDA:0,<omikuji::metrics::network_metrics::NetworkMetrics>::update_sync_status
FNDA:0,<omikuji::metrics::network_metrics::NetworkMetrics>::update_connection_pool
FNDA:0,<omikuji::metrics::network_metrics::NetworkMetrics>::update_pending_transactions
FNDA:0,<omikuji::metrics::network_metrics::NetworkMetrics>::update_connection_pool
FNDA:0,<omikuji::metrics::network_metrics::NetworkMetrics>::update_pending_transactions
FNF:45
FNH:2
BRF:0
BRH:0
DA:94,0
DA:95,0
DA:96,0
DA:97,0
DA:98,0
DA:99,0
DA:100,0
DA:101,0
DA:103,0
DA:104,0
DA:105,0
DA:107,0
DA:108,0
DA:109,0
DA:111,0
DA:112,0
DA:113,0
DA:114,0
DA:115,0
DA:117,0
DA:118,0
DA:122,0
DA:125,0
DA:126,0
DA:129,0
DA:132,0
DA:135,0
DA:136,0
DA:137,0
DA:139,0
DA:142,0
DA:143,0
DA:144,0
DA:145,0
DA:146,0
DA:147,0
DA:150,0
DA:151,0
DA:152,0
DA:154,0
DA:155,0
DA:158,0
DA:159,0
DA:162,0
DA:163,0
DA:164,0
DA:165,0
DA:167,0
DA:168,0
DA:169,0
DA:170,0
DA:173,2
DA:174,2
DA:175,2
DA:176,2
DA:178,2
DA:179,2
DA:180,0
DA:183,0
DA:184,2
DA:187,0
DA:188,0
DA:189,0
DA:190,0
DA:191,0
DA:194,0
DA:195,0
DA:196,0
DA:197,0
DA:199,0
DA:200,0
DA:201,0
DA:204,0
DA:205,0
DA:208,0
DA:209,0
DA:210,0
DA:211,0
DA:212,0
DA:215,0
DA:216,0
DA:217,0
DA:218,0
DA:220,0
DA:221,0
DA:222,0
DA:224,0
DA:225,0
DA:226,0
DA:228,0
DA:229,0
DA:231,0
DA:234,0
DA:235,0
DA:236,0
DA:239,0
DA:240,0
DA:243,0
DA:244,0
DA:245,0
DA:246,0
DA:247,0
DA:248,0
DA:249,0
DA:250,0
DA:251,0
DA:252,0
DA:253,0
DA:254,0
DA:255,0
DA:256,0
DA:257,0
DA:259,0
DA:261,0
LF:114
LH:7
end_of_record
SF:src/database/connection.rs
FN:154,omikuji::database::connection::tests::test_database_url_masking
FN:9,omikuji::database::connection::establish_connection::{closure#0}
FN:49,omikuji::database::connection::run_migrations
FN:63,omikuji::database::connection::verify_tables
FN:183,omikuji::database::connection::tests::test_establish_connection_without_env::{closure#0}
FN:241,omikuji::database::connection::tests::test_migration_path
FN:9,omikuji::database::connection::establish_connection::{closure#0}
FN:9,omikuji::database::connection::establish_connection
FN:63,omikuji::database::connection::verify_tables
FN:49,omikuji::database::connection::run_migrations::{closure#0}
FN:9,omikuji::database::connection::establish_connection
FN:49,omikuji::database::connection::run_migrations
FN:63,omikuji::database::connection::verify_tables
FN:9,omikuji::database::connection::establish_connection::{closure#0}
FN:49,omikuji::database::connection::run_migrations
FN:63,omikuji::database::connection::verify_tables
FN:183,omikuji::database::connection::tests::test_establish_connection_without_env::{closure#0}
FN:154,omikuji::database::connection::tests::test_database_url_masking
FN:49,omikuji::database::connection::run_migrations::{closure#0}
FN:49,omikuji::database::connection::run_migrations
FN:9,omikuji::database::connection::establish_connection
FN:227,omikuji::database::connection::tests::test_test_insert_query
FN:63,omikuji::database::connection::verify_tables::{closure#0}
FN:213,omikuji::database::connection::tests::test_table_existence_query
FN:202,omikuji::database::connection::tests::test_pool_options
FN:227,omikuji::database::connection::tests::test_test_insert_query
FN:9,omikuji::database::connection::establish_connection
FN:183,omikuji::database::connection::tests::test_establish_connection_without_env
FN:63,omikuji::database::connection::verify_tables::{closure#0}
FN:63,omikuji::database::connection::verify_tables::{closure#0}
FN:241,omikuji::database::connection::tests::test_migration_path
FN:49,omikuji::database::connection::run_migrations::{closure#0}
FN:9,omikuji::database::connection::establish_connection::{closure#0}
FN:49,omikuji::database::connection::run_migrations::{closure#0}
FN:202,omikuji::database::connection::tests::test_pool_options
FN:183,omikuji::database::connection::tests::test_establish_connection_without_env
FN:63,omikuji::database::connection::verify_tables::{closure#0}
FN:9,omikuji::database::connection::establish_connection
FN:63,omikuji::database::connection::verify_tables::{closure#0}
FN:63,omikuji::database::connection::verify_tables
FN:49,omikuji::database::connection::run_migrations::{closure#0}
FN:9,omikuji::database::connection::establish_connection::{closure#0}
FN:213,omikuji::database::connection::tests::test_table_existence_query
FN:49,omikuji::database::connection::run_migrations
FNDA:1,omikuji::database::connection::tests::test_database_url_masking
FNDA:0,omikuji::database::connection::establish_connection::{closure#0}
FNDA:0,omikuji::database::connection::run_migrations
FNDA:0,omikuji::database::connection::verify_tables
FNDA:1,omikuji::database::connection::tests::test_establish_connection_without_env::{closure#0}
FNDA:1,omikuji::database::connection::tests::test_migration_path
FNDA:0,omikuji::database::connection::establish_connection::{closure#0}
FNDA:1,omikuji::database::connection::establish_connection
FNDA:0,omikuji::database::connection::verify_tables
FNDA:0,omikuji::database::connection::run_migrations::{closure#0}
FNDA:1,omikuji::database::connection::establish_connection
FNDA:0,omikuji::database::connection::run_migrations
FNDA:0,omikuji::database::connection::verify_tables
FNDA:1,omikuji::database::connection::establish_connection::{closure#0}
FNDA:0,omikuji::database::connection::run_migrations
FNDA:0,omikuji::database::connection::verify_tables
FNDA:1,omikuji::database::connection::tests::test_establish_connection_without_env::{closure#0}
FNDA:1,omikuji::database::connection::tests::test_database_url_masking
FNDA:0,omikuji::database::connection::run_migrations::{closure#0}
FNDA:0,omikuji::database::connection::run_migrations
FNDA:0,omikuji::database::connection::establish_connection
FNDA:1,omikuji::database::connection::tests::test_test_insert_query
FNDA:0,omikuji::database::connection::verify_tables::{closure#0}
FNDA:1,omikuji::database::connection::tests::test_table_existence_query
FNDA:1,omikuji::database::connection::tests::test_pool_options
FNDA:1,omikuji::database::connection::tests::test_test_insert_query
FNDA:0,omikuji::database::connection::establish_connection
FNDA:1,omikuji::database::connection::tests::test_establish_connection_without_env
FNDA:0,omikuji::database::connection::verify_tables::{closure#0}
FNDA:0,omikuji::database::connection::verify_tables::{closure#0}
FNDA:1,omikuji::database::connection::tests::test_migration_path
FNDA:0,omikuji::database::connection::run_migrations::{closure#0}
FNDA:0,omikuji::database::connection::establish_connection::{closure#0}
FNDA:0,omikuji::database::connection::run_migrations::{closure#0}
FNDA:1,omikuji::database::connection::tests::test_pool_options
FNDA:1,omikuji::database::connection::tests::test_establish_connection_without_env
FNDA:0,omikuji::database::connection::verify_tables::{closure#0}
FNDA:0,omikuji::database::connection::establish_connection
FNDA:0,omikuji::database::connection::verify_tables::{closure#0}
FNDA:0,omikuji::database::connection::verify_tables
FNDA:0,omikuji::database::connection::run_migrations::{closure#0}
FNDA:1,omikuji::database::connection::establish_connection::{closure#0}
FNDA:1,omikuji::database::connection::tests::test_table_existence_query
FNDA:0,omikuji::database::connection::run_migrations
FNF:44
FNH:18
BRF:0
BRH:0
DA:9,6
DA:11,2
DA:12,6
DA:15,2
DA:16,2
DA:17,0
DA:19,0
DA:21,2
DA:24,2
DA:25,2
DA:28,2
DA:29,2
DA:30,2
DA:31,2
DA:32,2
DA:33,2
DA:36,0
DA:37,0
DA:38,0
DA:39,0
DA:41,0
DA:42,0
DA:43,0
DA:45,0
DA:46,6
DA:49,0
DA:50,0
DA:52,0
DA:53,0
DA:54,0
DA:55,0
DA:57,0
DA:59,0
DA:60,0
DA:63,0
DA:64,0
DA:67,0
DA:68,0
DA:69,0
DA:70,0
DA:71,0
DA:72,0
DA:73,0
DA:74,0
DA:75,0
DA:76,0
DA:78,0
DA:79,0
DA:80,0
DA:83,0
DA:84,0
DA:85,0
DA:86,0
DA:87,0
DA:88,0
DA:89,0
DA:90,0
DA:91,0
DA:92,0
DA:94,0
DA:95,0
DA:96,0
DA:99,0
DA:100,0
DA:101,0
DA:102,0
DA:103,0
DA:104,0
DA:105,0
DA:106,0
DA:107,0
DA:108,0
DA:110,0
DA:111,0
DA:112,0
DA:115,0
DA:116,0
DA:117,0
DA:118,0
DA:121,0
DA:122,0
DA:123,0
DA:124,0
DA:126,0
DA:127,0
DA:128,0
DA:129,0
DA:130,0
DA:131,0
DA:132,0
DA:133,0
DA:134,0
DA:135,0
DA:136,0
DA:139,0
DA:140,0
DA:141,0
DA:143,0
DA:144,0
DA:146,0
DA:147,0
DA:154,2
DA:156,2
DA:157,2
DA:159,2
DA:160,2
DA:161,2
DA:163,0
DA:166,2
DA:169,2
DA:170,2
DA:172,2
DA:173,0
DA:174,0
DA:176,2
DA:179,2
DA:180,2
DA:183,2
DA:185,2
DA:188,2
DA:191,2
DA:192,2
DA:193,2
DA:196,2
DA:197,0
DA:198,2
DA:199,2
DA:202,2
DA:204,2
DA:205,2
DA:207,2
DA:208,2
DA:209,2
DA:210,2
DA:213,2
DA:215,2
DA:216,2
DA:217,2
DA:218,2
DA:219,2
DA:221,2
DA:222,2
DA:223,2
DA:224,2
DA:227,2
DA:229,2
DA:230,2
DA:232,2
DA:233,2
DA:234,2
DA:235,2
DA:236,2
DA:237,2
DA:238,2
DA:241,2
DA:243,2
DA:244,2
DA:245,2
LF:158
LH:68
end_of_record
SF:src/cli.rs
FN:110,omikuji::cli::import_key
FN:161,omikuji::cli::remove_key
FN:148,omikuji::cli::list_keys::{closure#0}
FN:181,omikuji::cli::export_key::{closure#0}
FN:148,omikuji::cli::list_keys::{closure#0}
FN:161,omikuji::cli::remove_key
FN:95,omikuji::cli::handle_key_command::{closure#0}
FN:161,omikuji::cli::remove_key::{closure#0}
FN:181,omikuji::cli::export_key::{closure#0}
FN:181,omikuji::cli::export_key
FN:181,omikuji::cli::export_key::{closure#0}
FN:95,omikuji::cli::handle_key_command
FN:148,omikuji::cli::list_keys
FN:206,omikuji::cli::migrate_keys::{closure#0}
FN:181,omikuji::cli::export_key
FN:115,omikuji::cli::import_key::{closure#0}
FN:206,omikuji::cli::migrate_keys
FN:110,omikuji::cli::import_key
FN:206,omikuji::cli::migrate_keys
FN:148,omikuji::cli::list_keys::{closure#0}
FN:148,omikuji::cli::list_keys
FN:206,omikuji::cli::migrate_keys::{closure#0}
FN:115,omikuji::cli::import_key::{closure#0}
FN:206,omikuji::cli::migrate_keys::{closure#0}
FN:181,omikuji::cli::export_key
FN:95,omikuji::cli::handle_key_command::{closure#0}
FN:148,omikuji::cli::list_keys
FN:161,omikuji::cli::remove_key
FN:110,omikuji::cli::import_key
FN:95,omikuji::cli::handle_key_command
FN:161,omikuji::cli::remove_key::{closure#0}
FN:161,omikuji::cli::remove_key::{closure#0}
FN:95,omikuji::cli::handle_key_command::{closure#0}
FN:95,omikuji::cli::handle_key_command
FN:206,omikuji::cli::migrate_keys
FN:115,omikuji::cli::import_key::{closure#0}
FNDA:0,omikuji::cli::import_key
FNDA:0,omikuji::cli::remove_key
FNDA:0,omikuji::cli::list_keys::{closure#0}
FNDA:0,omikuji::cli::export_key::{closure#0}
FNDA:0,omikuji::cli::list_keys::{closure#0}
FNDA:0,omikuji::cli::remove_key
FNDA:0,omikuji::cli::handle_key_command::{closure#0}
FNDA:0,omikuji::cli::remove_key::{closure#0}
FNDA:0,omikuji::cli::export_key::{closure#0}
FNDA:0,omikuji::cli::export_key
FNDA:0,omikuji::cli::export_key::{closure#0}
FNDA:0,omikuji::cli::handle_key_command
FNDA:0,omikuji::cli::list_keys
FNDA:0,omikuji::cli::migrate_keys::{closure#0}
FNDA:0,omikuji::cli::export_key
FNDA:0,omikuji::cli::import_key::{closure#0}
FNDA:0,omikuji::cli::migrate_keys
FNDA:0,omikuji::cli::import_key
FNDA:0,omikuji::cli::migrate_keys
FNDA:0,omikuji::cli::list_keys::{closure#0}
FNDA:0,omikuji::cli::list_keys
FNDA:0,omikuji::cli::migrate_keys::{closure#0}
FNDA:0,omikuji::cli::import_key::{closure#0}
FNDA:0,omikuji::cli::migrate_keys::{closure#0}
FNDA:0,omikuji::cli::export_key
FNDA:0,omikuji::cli::handle_key_command::{closure#0}
FNDA:0,omikuji::cli::list_keys
FNDA:0,omikuji::cli::remove_key
FNDA:0,omikuji::cli::import_key
FNDA:0,omikuji::cli::handle_key_command
FNDA:0,omikuji::cli::remove_key::{closure#0}
FNDA:0,omikuji::cli::remove_key::{closure#0}
FNDA:0,omikuji::cli::handle_key_command::{closure#0}
FNDA:0,omikuji::cli::handle_key_command
FNDA:0,omikuji::cli::migrate_keys
FNDA:0,omikuji::cli::import_key::{closure#0}
FNF:36
FNH:0
BRF:0
BRH:0
DA:95,0
DA:96,0
DA:98,0
DA:99,0
DA:100,0
DA:101,0
DA:102,0
DA:103,0
DA:104,0
DA:105,0
DA:106,0
DA:108,0
DA:110,0
DA:111,0
DA:112,0
DA:113,0
DA:114,0
DA:115,0
DA:118,0
DA:120,0
DA:121,0
DA:122,0
DA:123,0
DA:124,0
DA:128,0
DA:129,0
DA:130,0
DA:134,0
DA:135,0
DA:138,0
DA:139,0
DA:140,0
DA:141,0
DA:142,0
DA:145,0
DA:146,0
DA:148,0
DA:150,0
DA:154,0
DA:155,0
DA:156,0
DA:158,0
DA:159,0
DA:161,0
DA:163,0
DA:166,0
DA:167,0
DA:168,0
DA:170,0
DA:171,0
DA:172,0
DA:173,0
DA:175,0
DA:176,0
DA:178,0
DA:179,0
DA:181,0
DA:183,0
DA:186,0
DA:187,0
DA:188,0
DA:189,0
DA:191,0
DA:192,0
DA:193,0
DA:194,0
DA:196,0
DA:197,0
DA:198,0
DA:200,0
DA:203,0
DA:204,0
DA:206,0
DA:209,0
DA:210,0
DA:212,0
DA:214,0
DA:215,0
DA:216,0
DA:217,0
DA:219,0
DA:220,0
DA:222,0
DA:223,0
DA:224,0
DA:225,0
DA:226,0
DA:228,0
DA:232,0
DA:233,0
DA:235,0
DA:236,0
LF:92
LH:0
end_of_record
